SF:lib\data_run\form_reactive\form_model\set_up_test.dart
DA:16,3
DA:30,1
DA:33,0
DA:34,0
DA:35,0
DA:36,0
DA:37,0
DA:39,0
DA:41,0
DA:42,0
DA:44,0
DA:46,0
DA:47,0
DA:48,0
DA:49,0
DA:50,0
DA:51,0
DA:52,0
DA:54,0
DA:55,0
DA:56,0
DA:57,0
DA:58,0
DA:59,0
DA:61,0
DA:64,0
LF:26
LH:2
end_of_record
SF:lib\data_run\form_reactive\form_model\sample_data.dart
DA:1,0
DA:10,0
DA:11,0
DA:17,0
DA:19,0
DA:26,0
DA:28,0
DA:35,0
DA:37,0
DA:43,0
DA:45,0
DA:50,0
DA:51,0
DA:52,0
DA:55,0
DA:57,0
DA:61,0
DA:66,0
DA:67,0
DA:71,0
DA:75,0
DA:80,0
DA:85,0
DA:90,0
DA:95,0
DA:100,0
DA:105,0
DA:110,0
DA:115,0
DA:119,0
LF:30
LH:0
end_of_record
SF:lib\main.reflectable.dart
DA:290,0
DA:291,0
DA:292,0
DA:293,0
DA:367,0
DA:368,0
DA:369,0
DA:370,0
DA:398,0
DA:426,0
DA:427,0
DA:428,0
DA:429,0
DA:439,0
DA:475,0
DA:476,0
DA:477,0
DA:478,0
DA:491,0
DA:504,0
DA:505,0
DA:516,0
DA:585,0
DA:586,0
DA:587,0
DA:588,0
DA:589,0
DA:596,0
DA:672,0
DA:673,0
DA:674,0
DA:675,0
DA:676,0
DA:683,0
DA:750,0
DA:751,0
DA:752,0
DA:753,0
DA:754,0
DA:761,0
DA:829,0
DA:830,0
DA:831,0
DA:832,0
DA:833,0
DA:840,0
DA:875,0
DA:876,0
DA:877,0
DA:878,0
DA:879,0
DA:887,0
DA:888,0
DA:900,0
DA:932,0
DA:933,0
DA:934,0
DA:935,0
DA:946,0
DA:963,0
DA:1071,0
DA:1072,0
DA:1073,0
DA:1074,0
DA:1075,0
DA:1081,0
DA:1082,0
DA:1083,0
DA:1084,0
DA:1085,0
DA:1086,0
DA:1087,0
DA:1088,0
DA:1089,0
DA:1090,0
DA:1091,0
DA:1092,0
DA:1093,0
DA:1094,0
DA:1095,0
DA:1096,0
DA:1097,0
DA:1098,0
DA:1099,0
DA:1100,0
DA:1101,0
DA:1102,0
DA:1103,0
DA:1104,0
DA:1105,0
DA:1106,0
DA:1107,0
DA:1108,0
DA:1109,0
DA:1110,0
DA:1111,0
DA:1112,0
DA:1113,0
DA:1114,0
DA:1115,0
DA:1116,0
DA:1117,0
DA:1118,0
DA:1119,0
DA:1120,0
DA:1121,0
DA:1122,0
DA:1123,0
DA:1124,0
DA:1125,0
DA:1126,0
DA:1127,0
DA:1128,0
DA:1129,0
DA:1130,0
DA:1131,0
DA:1132,0
DA:1133,0
DA:1134,0
DA:1135,0
DA:1136,0
DA:1137,0
DA:1138,0
DA:1140,0
DA:1235,0
DA:1236,0
DA:1237,0
DA:1238,0
DA:1239,0
DA:1246,0
DA:1314,0
DA:1315,0
DA:1316,0
DA:1317,0
DA:1318,0
DA:1325,0
DA:1432,0
DA:1433,0
DA:1434,0
DA:1435,0
DA:1436,0
DA:1443,0
DA:1553,0
DA:1554,0
DA:1555,0
DA:1556,0
DA:1557,0
DA:1565,0
DA:1655,0
DA:1656,0
DA:1657,0
DA:1658,0
DA:1659,0
DA:1670,0
DA:1741,0
DA:1742,0
DA:1743,0
DA:1744,0
DA:1745,0
DA:1755,0
DA:1828,0
DA:1829,0
DA:1830,0
DA:1831,0
DA:1832,0
DA:1839,0
DA:1929,0
DA:1930,0
DA:1931,0
DA:1932,0
DA:1933,0
DA:1943,0
DA:2010,0
DA:2011,0
DA:2012,0
DA:2013,0
DA:2014,0
DA:2021,0
DA:2089,0
DA:2090,0
DA:2091,0
DA:2092,0
DA:2093,0
DA:2100,0
DA:2167,0
DA:2168,0
DA:2169,0
DA:2170,0
DA:2171,0
DA:2178,0
DA:2245,0
DA:2246,0
DA:2247,0
DA:2248,0
DA:2249,0
DA:2256,0
DA:2323,0
DA:2324,0
DA:2325,0
DA:2326,0
DA:2327,0
DA:2335,0
DA:2406,0
DA:2407,0
DA:2408,0
DA:2409,0
DA:2410,0
DA:2417,0
DA:2484,0
DA:2485,0
DA:2486,0
DA:2487,0
DA:2488,0
DA:2496,0
DA:2563,0
DA:2564,0
DA:2565,0
DA:2566,0
DA:2567,0
DA:2574,0
DA:2647,0
DA:2648,0
DA:2649,0
DA:2650,0
DA:2651,0
DA:2661,0
DA:2741,0
DA:2742,0
DA:2743,0
DA:2744,0
DA:2745,0
DA:2755,0
DA:2822,0
DA:2823,0
DA:2824,0
DA:2825,0
DA:2826,0
DA:2836,0
DA:2909,0
DA:2910,0
DA:2911,0
DA:2912,0
DA:2913,0
DA:2923,0
DA:2990,0
DA:2991,0
DA:2992,0
DA:2993,0
DA:2994,0
DA:3004,0
DA:3071,0
DA:3072,0
DA:3073,0
DA:3074,0
DA:3075,0
DA:3085,0
DA:3127,0
DA:3128,0
DA:3129,0
DA:3130,0
DA:3147,0
DA:3164,0
DA:3165,0
DA:3176,0
DA:3224,0
DA:3225,0
DA:3226,0
DA:3227,0
DA:3244,0
DA:3261,0
DA:3262,0
DA:3273,0
DA:3309,0
DA:3310,0
DA:3311,0
DA:3312,0
DA:3325,0
DA:3338,0
DA:3339,0
DA:3340,0
DA:3341,0
DA:3352,0
DA:3398,0
DA:3399,0
DA:3400,0
DA:3401,0
DA:3420,0
DA:3439,0
DA:3440,0
DA:3451,0
DA:3517,0
DA:3518,0
DA:3519,0
DA:3520,0
DA:3538,0
DA:3556,0
DA:3557,0
DA:3568,0
DA:3609,0
DA:3610,0
DA:3611,0
DA:3612,0
DA:3628,0
DA:3644,0
DA:3645,0
DA:3646,0
DA:3647,0
DA:3658,0
DA:3692,0
DA:3693,0
DA:3694,0
DA:3695,0
DA:3707,0
DA:3719,0
DA:3720,0
DA:3731,0
DA:3780,0
DA:3781,0
DA:3782,0
DA:3783,0
DA:3785,0
DA:3786,0
DA:3787,0
DA:3801,0
DA:3821,0
DA:3851,0
DA:3852,0
DA:3853,0
DA:3854,0
DA:3855,0
DA:3862,0
DA:3872,0
DA:3873,0
DA:3874,0
DA:3876,0
DA:3877,0
DA:3878,0
DA:3879,0
DA:3880,0
DA:3892,0
DA:3902,0
DA:3903,0
DA:3904,0
DA:3905,0
DA:3906,0
DA:3913,0
DA:3923,0
DA:3924,0
DA:3925,0
DA:3931,0
DA:3941,0
DA:3942,0
DA:3943,0
DA:3944,0
DA:3945,0
DA:3956,0
DA:3966,0
DA:3967,0
DA:3968,0
DA:3969,0
DA:3970,0
DA:3977,0
DA:4023,0
DA:4024,0
DA:4025,0
DA:4026,0
DA:4040,0
DA:4054,0
DA:4055,0
DA:4066,0
DA:4133,0
DA:4134,0
DA:4135,0
DA:4136,0
DA:4152,0
DA:4168,0
DA:4169,0
DA:4180,0
DA:4218,0
DA:4219,0
DA:4220,0
DA:4221,0
DA:4230,0
DA:4239,0
DA:4240,0
DA:4252,0
DA:4348,0
DA:4349,0
DA:4350,0
DA:4351,0
DA:4377,0
DA:4403,0
DA:4404,0
DA:4417,0
DA:4511,0
DA:4512,0
DA:4513,0
DA:4514,0
DA:4540,0
DA:4566,0
DA:4567,0
DA:4578,0
DA:4693,0
DA:4694,0
DA:4695,0
DA:4696,0
DA:4729,0
DA:4762,0
DA:4763,0
DA:4774,0
DA:4818,0
DA:4819,0
DA:4820,0
DA:4821,0
DA:4834,0
DA:4847,0
DA:4848,0
DA:4859,0
DA:4955,0
DA:4956,0
DA:4957,0
DA:4958,0
DA:4988,0
DA:5018,0
DA:5019,0
DA:5030,0
DA:5070,0
DA:5071,0
DA:5072,0
DA:5073,0
DA:5084,0
DA:5095,0
DA:5096,0
DA:5108,0
DA:5183,0
DA:5184,0
DA:5185,0
DA:5186,0
DA:5205,0
DA:5224,0
DA:5225,0
DA:5237,0
DA:5339,0
DA:5340,0
DA:5341,0
DA:5342,0
DA:5374,0
DA:5410,0
DA:5411,0
DA:5422,0
DA:5486,0
DA:5487,0
DA:5488,0
DA:5489,0
DA:5514,0
DA:5539,0
DA:5540,0
DA:5552,0
DA:5662,0
DA:5663,0
DA:5664,0
DA:5670,0
DA:5673,0
DA:5709,0
DA:5710,0
DA:5711,0
DA:5712,0
DA:5724,0
DA:5736,0
DA:5737,0
DA:5748,0
DA:5820,0
DA:5821,0
DA:5822,0
DA:5823,0
DA:5842,0
DA:5861,0
DA:5862,0
DA:5873,0
DA:5909,0
DA:5910,0
DA:5911,0
DA:5912,0
DA:5922,0
DA:5932,0
DA:5933,0
DA:5944,0
DA:5990,0
DA:5991,0
DA:5992,0
DA:5993,0
DA:6007,0
DA:6021,0
DA:6022,0
DA:6033,0
DA:6077,0
DA:6078,0
DA:6079,0
DA:6080,0
DA:6096,0
DA:6112,0
DA:6113,0
DA:6124,0
DA:6190,0
DA:6191,0
DA:6192,0
DA:6193,0
DA:6213,0
DA:6233,0
DA:6234,0
DA:6245,0
DA:6283,0
DA:6284,0
DA:6285,0
DA:6286,0
DA:6287,0
DA:6288,0
DA:6296,0
DA:6297,0
DA:6309,0
DA:6343,0
DA:6344,0
DA:6345,0
DA:6346,0
DA:6347,0
DA:6354,0
DA:6355,0
DA:6367,0
DA:6433,0
DA:6434,0
DA:6435,0
DA:6436,0
DA:6454,0
DA:6472,0
DA:6473,0
DA:6485,0
DA:6523,0
DA:6524,0
DA:6525,0
DA:6526,0
DA:6536,0
DA:6546,0
DA:6547,0
DA:6558,0
DA:6596,0
DA:6597,0
DA:6598,0
DA:6599,0
DA:6609,0
DA:6619,0
DA:6620,0
DA:6621,0
DA:6622,0
DA:6633,0
DA:6668,0
DA:6669,0
DA:6670,0
DA:6671,0
DA:6673,0
DA:6681,0
DA:6682,0
DA:6694,0
DA:6728,0
DA:6729,0
DA:6730,0
DA:6731,0
DA:6732,0
DA:6735,0
DA:6736,0
DA:6747,0
DA:6810,0
DA:6811,0
DA:6812,0
DA:6813,0
DA:6832,0
DA:6851,0
DA:6852,0
DA:6864,0
DA:6900,0
DA:6901,0
DA:6902,0
DA:6903,0
DA:6913,0
DA:6923,0
DA:6924,0
DA:6936,0
DA:6978,0
DA:6979,0
DA:6980,0
DA:6981,0
DA:6992,0
DA:7004,0
DA:7005,0
DA:7017,0
DA:7061,0
DA:7062,0
DA:7063,0
DA:7064,0
DA:7078,0
DA:7092,0
DA:7093,0
DA:7105,0
DA:7145,0
DA:7146,0
DA:7147,0
DA:7148,0
DA:7157,0
DA:7166,0
DA:7167,0
DA:7178,0
DA:7241,0
DA:7242,0
DA:7243,0
DA:7244,0
DA:7258,0
DA:7272,0
DA:7273,0
DA:7285,0
DA:7316,0
DA:7317,0
DA:7318,0
DA:7319,0
DA:7327,0
DA:7335,0
DA:7336,0
DA:7348,0
DA:7447,0
DA:7448,0
DA:7449,0
DA:7450,0
DA:7481,0
DA:7512,0
DA:7513,0
DA:7525,0
DA:7569,0
DA:7570,0
DA:7571,0
DA:7572,0
DA:7586,0
DA:7600,0
DA:7601,0
DA:7613,0
DA:7647,0
DA:7648,0
DA:7649,0
DA:7650,0
DA:7651,0
DA:7652,0
DA:7659,0
DA:7660,0
DA:7673,0
DA:7704,0
DA:7705,0
DA:7706,0
DA:7707,0
DA:7715,0
DA:7723,0
DA:7724,0
DA:7737,0
DA:7773,0
DA:7774,0
DA:7775,0
DA:7776,0
DA:7784,0
DA:7793,0
DA:7794,0
DA:7806,0
DA:7848,0
DA:7849,0
DA:7850,0
DA:7851,0
DA:7866,0
DA:7881,0
DA:7882,0
DA:7894,0
DA:7936,0
DA:7937,0
DA:7938,0
DA:7939,0
DA:7950,0
DA:7961,0
DA:7962,0
DA:7975,0
DA:8017,0
DA:8018,0
DA:8019,0
DA:8020,0
DA:8030,0
DA:8041,0
DA:8042,0
DA:8054,0
DA:8098,0
DA:8099,0
DA:8100,0
DA:8101,0
DA:8116,0
DA:8131,0
DA:8132,0
DA:8143,0
DA:8185,0
DA:8186,0
DA:8187,0
DA:8188,0
DA:8203,0
DA:8218,0
DA:8219,0
DA:8230,0
DA:8266,0
DA:8267,0
DA:8268,0
DA:8269,0
DA:8281,0
DA:8293,0
DA:8294,0
DA:8305,0
DA:8343,0
DA:8344,0
DA:8345,0
DA:8346,0
DA:8357,0
DA:8368,0
DA:8369,0
DA:8380,0
DA:8422,0
DA:8423,0
DA:8424,0
DA:8425,0
DA:8438,0
DA:8451,0
DA:8452,0
DA:8464,0
DA:8498,0
DA:8499,0
DA:8500,0
DA:8501,0
DA:8502,0
DA:8505,0
DA:8506,0
DA:8517,0
DA:8599,0
DA:8600,0
DA:8601,0
DA:8602,0
DA:8626,0
DA:8656,0
DA:8719,0
DA:8720,0
DA:8721,0
DA:8722,0
DA:8747,0
DA:8772,0
DA:8773,0
DA:8784,0
DA:8824,0
DA:8825,0
DA:8826,0
DA:8827,0
DA:8841,0
DA:8861,0
DA:8888,0
DA:8889,0
DA:8890,0
DA:8891,0
DA:8892,0
DA:8893,0
DA:8906,0
DA:8916,0
DA:8917,0
DA:8918,0
DA:8919,0
DA:8921,0
DA:8922,0
DA:8928,0
DA:8929,0
DA:8930,0
DA:8931,0
DA:8933,0
DA:8934,0
DA:8939,0
DA:8944,0
DA:8949,0
DA:8954,0
DA:8959,0
DA:8964,0
DA:8969,0
DA:8974,0
DA:8979,0
DA:8984,0
DA:8989,0
DA:8994,0
DA:8999,0
DA:9004,0
DA:9009,0
DA:9014,0
DA:9019,0
DA:9024,0
DA:9029,0
DA:9034,0
DA:9039,0
DA:9044,0
DA:9045,0
DA:9050,0
DA:9055,0
DA:9060,0
DA:9065,0
DA:9070,0
DA:9075,0
DA:9080,0
DA:9085,0
DA:9090,0
DA:9095,0
DA:9100,0
DA:9105,0
DA:9110,0
DA:9115,0
DA:9120,0
DA:9125,0
DA:9130,0
DA:9135,0
DA:9140,0
DA:9145,0
DA:9150,0
DA:9155,0
DA:9160,0
DA:9165,0
DA:9170,0
DA:9175,0
DA:9180,0
DA:9185,0
DA:9190,0
DA:9191,0
DA:9196,0
DA:9201,0
DA:9206,0
DA:9211,0
DA:9214,0
DA:9219,0
DA:9224,0
DA:9229,0
DA:9230,0
DA:9231,0
DA:9232,0
DA:9237,0
DA:9242,0
DA:9250,0
DA:9255,0
DA:9258,0
DA:9263,0
DA:9266,0
DA:9271,0
DA:9274,0
DA:9279,0
DA:9282,0
DA:9287,0
DA:9292,0
DA:9297,0
DA:9302,0
DA:9307,0
DA:9312,0
DA:9317,0
DA:9320,0
DA:9325,0
DA:9328,0
DA:9333,0
DA:9336,0
DA:9341,0
DA:9346,0
DA:9351,0
DA:9352,0
DA:9353,0
DA:9356,0
DA:9361,0
DA:9364,0
DA:9369,0
DA:9372,0
DA:9377,0
DA:9380,0
DA:9385,0
DA:9388,0
DA:9393,0
DA:9396,0
DA:9401,0
DA:9404,0
DA:9409,0
DA:9412,0
DA:9417,0
DA:9420,0
DA:9425,0
DA:9428,0
DA:9433,0
DA:9436,0
DA:9441,0
DA:9444,0
DA:9449,0
DA:9452,0
DA:9457,0
DA:9460,0
DA:9465,0
DA:9468,0
DA:9473,0
DA:9478,0
DA:9483,0
DA:9486,0
DA:9491,0
DA:9494,0
DA:9499,0
DA:9502,0
DA:9507,0
DA:9510,0
DA:9515,0
DA:9518,0
DA:9523,0
DA:9526,0
DA:9531,0
DA:9534,0
DA:9539,0
DA:9542,0
DA:9547,0
DA:9550,0
DA:9555,0
DA:9558,0
DA:9563,0
DA:9566,0
DA:9571,0
DA:9574,0
DA:9579,0
DA:9582,0
DA:9587,0
DA:9590,0
DA:9595,0
DA:9598,0
DA:9603,0
DA:9606,0
DA:9611,0
DA:9612,0
DA:9613,0
DA:9617,0
DA:9622,0
DA:9627,0
DA:9632,0
DA:9637,0
DA:9642,0
DA:9647,0
DA:9652,0
DA:9657,0
DA:9662,0
DA:9667,0
DA:9672,0
DA:9673,0
DA:9674,0
DA:9678,0
DA:9679,0
DA:9684,0
DA:9685,0
DA:9690,0
DA:9691,0
DA:9697,0
DA:9702,0
DA:9707,0
DA:9712,0
DA:9717,0
DA:9722,0
DA:9728,0
DA:9729,0
DA:9734,0
DA:9739,0
DA:9744,0
DA:9749,0
DA:9754,0
DA:9759,0
DA:9760,0
DA:9761,0
DA:9765,0
DA:9770,0
DA:9775,0
DA:9780,0
DA:9785,0
DA:9790,0
DA:9795,0
DA:9796,0
DA:9801,0
DA:9806,0
DA:9811,0
DA:9816,0
DA:9821,0
DA:9826,0
DA:9831,0
DA:9836,0
DA:9837,0
DA:9838,0
DA:9842,0
DA:9847,0
DA:9848,0
DA:9849,0
DA:9852,0
DA:9857,0
DA:9858,0
DA:9859,0
DA:9864,0
DA:9869,0
DA:9874,0
DA:9879,0
DA:9884,0
DA:9889,0
DA:9894,0
DA:9899,0
DA:9904,0
DA:9909,0
DA:9914,0
DA:9919,0
DA:9924,0
DA:9929,0
DA:9934,0
DA:9939,0
DA:9940,0
DA:9941,0
DA:9945,0
DA:9950,0
DA:9951,0
DA:9952,0
DA:9956,0
DA:9961,0
DA:9966,0
DA:9971,0
DA:9976,0
DA:9981,0
DA:9986,0
DA:9991,0
DA:9996,0
DA:10001,0
DA:10004,0
DA:10009,0
DA:10012,0
DA:10017,0
DA:10020,0
DA:10025,0
DA:10028,0
DA:10033,0
DA:10036,0
DA:10041,0
DA:10044,0
DA:10049,0
DA:10052,0
DA:10057,0
DA:10060,0
DA:10065,0
DA:10068,0
DA:10073,0
DA:10076,0
DA:10081,0
DA:10084,0
DA:10089,0
DA:10092,0
DA:10097,0
DA:10100,0
DA:10105,0
DA:10108,0
DA:10113,0
DA:10116,0
DA:10121,0
DA:10124,0
DA:10129,0
DA:10132,0
DA:10137,0
DA:10140,0
DA:10145,0
DA:10148,0
DA:10153,0
DA:10156,0
DA:10161,0
DA:10164,0
DA:10169,0
DA:10172,0
DA:10177,0
DA:10182,0
DA:10187,0
DA:10192,0
DA:10197,0
DA:10202,0
DA:10207,0
DA:10212,0
DA:10217,0
DA:10222,0
DA:10227,0
DA:10233,0
DA:10238,0
DA:10239,0
DA:10240,0
DA:10244,0
DA:10249,0
DA:10254,0
DA:10259,0
DA:10264,0
DA:10269,0
DA:10274,0
DA:10279,0
DA:10285,0
DA:10290,0
DA:10295,0
DA:10300,0
DA:10305,0
DA:10310,0
DA:10315,0
DA:10320,0
DA:10325,0
DA:10330,0
DA:10335,0
DA:10336,0
DA:10341,0
DA:10346,0
DA:10351,0
DA:10356,0
DA:10361,0
DA:10366,0
DA:10371,0
DA:10376,0
DA:10381,0
DA:10386,0
DA:10391,0
DA:10396,0
DA:10401,0
DA:10406,0
DA:10411,0
DA:10416,0
DA:10421,0
DA:10426,0
DA:10431,0
DA:10436,0
DA:10441,0
DA:10446,0
DA:10451,0
DA:10456,0
DA:10461,0
DA:10466,0
DA:10471,0
DA:10476,0
DA:10481,0
DA:10486,0
DA:10491,0
DA:10496,0
DA:10497,0
DA:10498,0
DA:10502,0
DA:10503,0
DA:10508,0
DA:10513,0
DA:10518,0
DA:10523,0
DA:10528,0
DA:10533,0
DA:10538,0
DA:10543,0
DA:10548,0
DA:10553,0
DA:10558,0
DA:10563,0
DA:10568,0
DA:10573,0
DA:10574,0
DA:10575,0
DA:10579,0
DA:10584,0
DA:10589,0
DA:10594,0
DA:10599,0
DA:10604,0
DA:10609,0
DA:10614,0
DA:10619,0
DA:10624,0
DA:10629,0
DA:10634,0
DA:10639,0
DA:10644,0
DA:10649,0
DA:10654,0
DA:10659,0
DA:10664,0
DA:10669,0
DA:10674,0
DA:10679,0
DA:10684,0
DA:10689,0
DA:10694,0
DA:10699,0
DA:10704,0
DA:10709,0
DA:10714,0
DA:10715,0
DA:10716,0
DA:10721,0
DA:10726,0
DA:10731,0
DA:10736,0
DA:10741,0
DA:10746,0
DA:10751,0
DA:10756,0
DA:10761,0
DA:10766,0
DA:10771,0
DA:10776,0
DA:10781,0
DA:10786,0
DA:10791,0
DA:10796,0
DA:10801,0
DA:10806,0
DA:10811,0
DA:10816,0
DA:10821,0
DA:10826,0
DA:10831,0
DA:10836,0
DA:10841,0
DA:10846,0
DA:10851,0
DA:10856,0
DA:10861,0
DA:10866,0
DA:10871,0
DA:10876,0
DA:10881,0
DA:10886,0
DA:10891,0
DA:10896,0
DA:10901,0
DA:10906,0
DA:10911,0
DA:10916,0
DA:10921,0
DA:10926,0
DA:10931,0
DA:10936,0
DA:10937,0
DA:10938,0
DA:10942,0
DA:10947,0
DA:10948,0
DA:10949,0
DA:10953,0
DA:10954,0
DA:10959,0
DA:10964,0
DA:10969,0
DA:10974,0
DA:10979,0
DA:10984,0
DA:10989,0
DA:10994,0
DA:10999,0
DA:11004,0
DA:11005,0
DA:11006,0
DA:11010,0
DA:11015,0
DA:11020,0
DA:11025,0
DA:11030,0
DA:11035,0
DA:11040,0
DA:11045,0
DA:11050,0
DA:11055,0
DA:11060,0
DA:11065,0
DA:11070,0
DA:11075,0
DA:11076,0
DA:11077,0
DA:11081,0
DA:11086,0
DA:11091,0
DA:11096,0
DA:11101,0
DA:11106,0
DA:11111,0
DA:11116,0
DA:11121,0
DA:11126,0
DA:11131,0
DA:11136,0
DA:11141,0
DA:11146,0
DA:11151,0
DA:11156,0
DA:11161,0
DA:11166,0
DA:11171,0
DA:11176,0
DA:11182,0
DA:11187,0
DA:11193,0
DA:11198,0
DA:11204,0
DA:11209,0
DA:11214,0
DA:11219,0
DA:11224,0
DA:11225,0
DA:11230,0
DA:11235,0
DA:11236,0
DA:11237,0
DA:11241,0
DA:11242,0
DA:11247,0
DA:11252,0
DA:11257,0
DA:11262,0
DA:11267,0
DA:11272,0
DA:11277,0
DA:11282,0
DA:11287,0
DA:11292,0
DA:11297,0
DA:11302,0
DA:11307,0
DA:11312,0
DA:11313,0
DA:11314,0
DA:11319,0
DA:11324,0
DA:11329,0
DA:11334,0
DA:11339,0
DA:11344,0
DA:11349,0
DA:11354,0
DA:11359,0
DA:11364,0
DA:11369,0
DA:11374,0
DA:11379,0
DA:11384,0
DA:11389,0
DA:11394,0
DA:11399,0
DA:11404,0
DA:11409,0
DA:11414,0
DA:11419,0
DA:11420,0
DA:11425,0
DA:11426,0
DA:11431,0
DA:11436,0
DA:11441,0
DA:11446,0
DA:11452,0
DA:11457,0
DA:11462,0
DA:11467,0
DA:11473,0
DA:11478,0
DA:11483,0
DA:11488,0
DA:11494,0
DA:11499,0
DA:11504,0
DA:11509,0
DA:11514,0
DA:11519,0
DA:11525,0
DA:11530,0
DA:11536,0
DA:11541,0
DA:11547,0
DA:11552,0
DA:11558,0
DA:11563,0
DA:11568,0
DA:11573,0
DA:11579,0
DA:11584,0
DA:11590,0
DA:11595,0
DA:11600,0
DA:11605,0
DA:11610,0
DA:11620,0
DA:11621,0
DA:11627,0
DA:11628,0
DA:11633,0
DA:11634,0
DA:11639,0
DA:11640,0
DA:11645,0
DA:11650,0
DA:11656,0
DA:11661,0
DA:11666,0
DA:11671,0
DA:11676,0
DA:11681,0
DA:11686,0
DA:11691,0
DA:11696,0
DA:11701,0
DA:11706,0
DA:11711,0
DA:11716,0
DA:11721,0
DA:11726,0
DA:11731,0
DA:11736,0
DA:11741,0
DA:11746,0
DA:11751,0
DA:11756,0
DA:11761,0
DA:11766,0
DA:11771,0
DA:11777,0
DA:11782,0
DA:11787,0
DA:11792,0
DA:11793,0
DA:11794,0
DA:11798,0
DA:11803,0
DA:11804,0
DA:11805,0
DA:11809,0
DA:11814,0
DA:11815,0
DA:11816,0
DA:11820,0
DA:11825,0
DA:11830,0
DA:11835,0
DA:11841,0
DA:11842,0
DA:11847,0
DA:11852,0
DA:11853,0
DA:11854,0
DA:11858,0
DA:11863,0
DA:11868,0
DA:11873,0
DA:11878,0
DA:11883,0
DA:11888,0
DA:11893,0
DA:11898,0
DA:11903,0
DA:11908,0
DA:11913,0
DA:11918,0
DA:11923,0
DA:11928,0
DA:11933,0
DA:11938,0
DA:11943,0
DA:11948,0
DA:11953,0
DA:11958,0
DA:11963,0
DA:11968,0
DA:11973,0
DA:11978,0
DA:11983,0
DA:11989,0
DA:11994,0
DA:12002,0
DA:12007,0
DA:12012,0
DA:12017,0
DA:12023,0
DA:12028,0
DA:12034,0
DA:12039,0
DA:12045,0
DA:12050,0
DA:12055,0
DA:12060,0
DA:12065,0
DA:12076,0
DA:12081,0
DA:12086,0
DA:12091,0
DA:12096,0
DA:12101,0
DA:12106,0
DA:12111,0
DA:12116,0
DA:12121,0
DA:12127,0
DA:12132,0
DA:12137,0
DA:12142,0
DA:12147,0
DA:12152,0
DA:12157,0
DA:12162,0
DA:12167,0
DA:12172,0
DA:12177,0
DA:12182,0
DA:12187,0
DA:12192,0
DA:12197,0
DA:12202,0
DA:12208,0
DA:12213,0
DA:12219,0
DA:12224,0
DA:12230,0
DA:12231,0
DA:12236,0
DA:12241,0
DA:12246,0
DA:12251,0
DA:12252,0
DA:12253,0
DA:12257,0
DA:12258,0
DA:12263,0
DA:12268,0
DA:12269,0
DA:12270,0
DA:12274,0
DA:12279,0
DA:12284,0
DA:12289,0
DA:12294,0
DA:12299,0
DA:12304,0
DA:12309,0
DA:12314,0
DA:12319,0
DA:12324,0
DA:12329,0
DA:12334,0
DA:12339,0
DA:12344,0
DA:12349,0
DA:12354,0
DA:12359,0
DA:12364,0
DA:12369,0
DA:12370,0
DA:12371,0
DA:12375,0
DA:12380,0
DA:12385,0
DA:12390,0
DA:12395,0
DA:12400,0
DA:12401,0
DA:12402,0
DA:12406,0
DA:12411,0
DA:12416,0
DA:12421,0
DA:12422,0
DA:12423,0
DA:12427,0
DA:12428,0
DA:12433,0
DA:12438,0
DA:12443,0
DA:12448,0
DA:12449,0
DA:12450,0
DA:12454,0
DA:12459,0
DA:12464,0
DA:12469,0
DA:12474,0
DA:12479,0
DA:12484,0
DA:12489,0
DA:12494,0
DA:12499,0
DA:12504,0
DA:12514,0
DA:12524,0
DA:12529,0
DA:12534,0
DA:12539,0
DA:12544,0
DA:12549,0
DA:12554,0
DA:12559,0
DA:12564,0
DA:12569,0
DA:12575,0
DA:12580,0
DA:12585,0
DA:12590,0
DA:12595,0
DA:12600,0
DA:12601,0
DA:12602,0
DA:12606,0
DA:12611,0
DA:12616,0
DA:12621,0
DA:12626,0
DA:12631,0
DA:12636,0
DA:12641,0
DA:12646,0
DA:12651,0
DA:12656,0
DA:12661,0
DA:12666,0
DA:12671,0
DA:12672,0
DA:12673,0
DA:12677,0
DA:12678,0
DA:12683,0
DA:12688,0
DA:12693,0
DA:12698,0
DA:12703,0
DA:12708,0
DA:12709,0
DA:12710,0
DA:12714,0
DA:12715,0
DA:12720,0
DA:12725,0
DA:12730,0
DA:12735,0
DA:12740,0
DA:12745,0
DA:12750,0
DA:12755,0
DA:12756,0
DA:12757,0
DA:12760,0
DA:12765,0
DA:12770,0
DA:12775,0
DA:12780,0
DA:12785,0
DA:12790,0
DA:12795,0
DA:12800,0
DA:12805,0
DA:12806,0
DA:12807,0
DA:12811,0
DA:12816,0
DA:12821,0
DA:12826,0
DA:12827,0
DA:12828,0
DA:12832,0
DA:12837,0
DA:12842,0
DA:12847,0
DA:12852,0
DA:12857,0
DA:12862,0
DA:12867,0
DA:12872,0
DA:12877,0
DA:12882,0
DA:12887,0
DA:12892,0
DA:12897,0
DA:12902,0
DA:12907,0
DA:12912,0
DA:12917,0
DA:12922,0
DA:12927,0
DA:12932,0
DA:12937,0
DA:12942,0
DA:12947,0
DA:12952,0
DA:12957,0
DA:12962,0
DA:12967,0
DA:12972,0
DA:12977,0
DA:12982,0
DA:12987,0
DA:12992,0
DA:12997,0
DA:12998,0
DA:12999,0
DA:13003,0
DA:13008,0
DA:13013,0
DA:13018,0
DA:13023,0
DA:13024,0
DA:13030,0
DA:13035,0
DA:13040,0
DA:13045,0
DA:13050,0
DA:13055,0
DA:13060,0
DA:13065,0
DA:13070,0
DA:13075,0
DA:13080,0
DA:13081,0
DA:13087,0
DA:13092,0
DA:13093,0
DA:13094,0
DA:13098,0
DA:13103,0
DA:13104,0
DA:13105,0
DA:13110,0
DA:13115,0
DA:13120,0
DA:13125,0
DA:13126,0
DA:13127,0
DA:13132,0
DA:13137,0
DA:13142,0
DA:13147,0
DA:13148,0
DA:13149,0
DA:13154,0
DA:13159,0
DA:13164,0
DA:13169,0
DA:13174,0
DA:13179,0
DA:13184,0
DA:13189,0
DA:13195,0
DA:13200,0
DA:13205,0
DA:13210,0
DA:13215,0
DA:13220,0
DA:13225,0
DA:13230,0
DA:13235,0
DA:13240,0
DA:13245,0
DA:13250,0
DA:13255,0
DA:13260,0
DA:13265,0
DA:13270,0
DA:13275,0
DA:13280,0
DA:13285,0
DA:13290,0
DA:13295,0
DA:13300,0
DA:13305,0
DA:13310,0
DA:13315,0
DA:13320,0
DA:13325,0
DA:13330,0
DA:13335,0
DA:13340,0
DA:13345,0
DA:13350,0
DA:13355,0
DA:13356,0
DA:13362,0
DA:13372,0
DA:13377,0
DA:13382,0
DA:13383,0
DA:13389,0
DA:13394,0
DA:13399,0
DA:13400,0
DA:13405,0
DA:13410,0
DA:13415,0
DA:13420,0
DA:13426,0
DA:13431,0
DA:13436,0
DA:13441,0
DA:13446,0
DA:13451,0
DA:13452,0
DA:13453,0
DA:13458,0
DA:13463,0
DA:13468,0
DA:13473,0
DA:13478,0
DA:13483,0
DA:13488,0
DA:13493,0
DA:13498,0
DA:13503,0
DA:13508,0
DA:13513,0
DA:13518,0
DA:13523,0
DA:13529,0
DA:13531,0
DA:13533,0
DA:13535,0
DA:13537,0
DA:13539,0
DA:13541,0
DA:13543,0
DA:13545,0
DA:13547,0
DA:13549,0
DA:13551,0
DA:13553,0
DA:13555,0
DA:13557,0
DA:13559,0
DA:13561,0
DA:13563,0
DA:13565,0
DA:13567,0
DA:13569,0
DA:13571,0
DA:13575,0
DA:13609,0
DA:13611,0
DA:13613,0
DA:13615,0
DA:13617,0
DA:13621,0
DA:13622,0
DA:13623,0
DA:13628,0
DA:13632,0
DA:13639,0
DA:13643,0
DA:13650,0
DA:13652,0
DA:13654,0
DA:13656,0
DA:13658,0
DA:13660,0
DA:13662,0
DA:13664,0
DA:13666,0
DA:13668,0
DA:13670,0
DA:13672,0
DA:13674,0
DA:13676,0
DA:13678,0
DA:13680,0
DA:13682,0
DA:13684,0
DA:13686,0
DA:13688,0
DA:13690,0
DA:13694,0
DA:13701,0
DA:13703,0
DA:13714,0
DA:13716,0
DA:13718,0
DA:13720,0
DA:13722,0
DA:13724,0
DA:13728,0
DA:13729,0
DA:13730,0
DA:13735,0
DA:13739,0
DA:13740,0
DA:13741,0
DA:13746,0
DA:13750,0
DA:13751,0
DA:13752,0
DA:13757,0
DA:13761,0
DA:13762,0
DA:13763,0
DA:13768,0
DA:13772,0
DA:13773,0
DA:13774,0
DA:13779,0
DA:13783,0
DA:13784,0
DA:13785,0
DA:13790,0
DA:13794,0
DA:13795,0
DA:13796,0
DA:13801,0
DA:13805,0
DA:13806,0
DA:13807,0
DA:13812,0
DA:13816,0
DA:13817,0
DA:13818,0
DA:13823,0
DA:13827,0
DA:13828,0
DA:13829,0
DA:13834,0
DA:13838,0
DA:13839,0
DA:13840,0
DA:13845,0
DA:13847,0
DA:13851,0
DA:13858,0
DA:13862,0
DA:13869,0
DA:13871,0
DA:13873,0
DA:13875,0
DA:13877,0
DA:13879,0
DA:13883,0
DA:13890,0
DA:13894,0
DA:13901,0
DA:13905,0
DA:13912,0
DA:13914,0
DA:13916,0
DA:13918,0
DA:13920,0
DA:13922,0
DA:13924,0
DA:13926,0
DA:13928,0
DA:13930,0
DA:13932,0
DA:13934,0
DA:13936,0
DA:13938,0
DA:13940,0
DA:13942,0
DA:13944,0
DA:13946,0
DA:13948,0
DA:13950,0
DA:13952,0
DA:13954,0
DA:13956,0
DA:13958,0
DA:13960,0
DA:13962,0
DA:13964,0
DA:13966,0
DA:13968,0
DA:13970,0
DA:13972,0
DA:13974,0
DA:13976,0
DA:13978,0
DA:13980,0
DA:13982,0
DA:13984,0
DA:13986,0
DA:13997,0
DA:14001,0
DA:14008,0
DA:14010,0
DA:14012,0
DA:14014,0
DA:14016,0
DA:14018,0
DA:14022,0
DA:14029,0
DA:14031,0
DA:14035,0
DA:14042,0
DA:14044,0
DA:14046,0
DA:14057,0
DA:14059,0
DA:14061,0
DA:14063,0
DA:14067,0
DA:14074,0
DA:14078,0
DA:14085,0
DA:14089,0
DA:14096,0
DA:14100,0
DA:14107,0
DA:14111,0
DA:14112,0
DA:14113,0
DA:14118,0
DA:14122,0
DA:14123,0
DA:14124,0
DA:14129,0
DA:14131,0
DA:14133,0
DA:14135,0
DA:14137,0
DA:14139,0
DA:14141,0
DA:14143,0
DA:14147,0
DA:14154,0
DA:14156,0
DA:14167,0
DA:14169,0
DA:14180,0
DA:14182,0
DA:14184,0
DA:14195,0
DA:14206,0
DA:14210,0
DA:14217,0
DA:14221,0
DA:14228,0
DA:14232,0
DA:14239,0
DA:14243,0
DA:14244,0
DA:14245,0
DA:14250,0
DA:14252,0
DA:14254,0
DA:14256,0
DA:14258,0
DA:14260,0
DA:14262,0
DA:14264,0
DA:14266,0
DA:14268,0
DA:14270,0
DA:14272,0
DA:14274,0
DA:14276,0
DA:14287,0
DA:14298,0
DA:14300,0
DA:14311,0
DA:14322,0
DA:14324,0
DA:14335,0
DA:14346,0
DA:14350,0
DA:14357,0
DA:14361,0
DA:14368,0
DA:14372,0
DA:14379,0
DA:14383,0
DA:14390,0
DA:14394,0
DA:14395,0
DA:14396,0
DA:14401,0
DA:14403,0
DA:14405,0
DA:14407,0
DA:14409,0
DA:14411,0
DA:14413,0
DA:14415,0
DA:14417,0
DA:14419,0
DA:14421,0
DA:14423,0
DA:14425,0
DA:14427,0
DA:14431,0
DA:14438,0
DA:14442,0
DA:14449,0
DA:14451,0
DA:14455,0
DA:14456,0
DA:14457,0
DA:14462,0
DA:14464,0
DA:14466,0
DA:14468,0
DA:14470,0
DA:14472,0
DA:14483,0
DA:14485,0
DA:14487,0
DA:14498,0
DA:14502,0
DA:14509,0
DA:14511,0
DA:14513,0
DA:14515,0
DA:14517,0
DA:14519,0
DA:14521,0
DA:14523,0
DA:14525,0
DA:14527,0
DA:14529,0
DA:14531,0
DA:14533,0
DA:14544,0
DA:14548,0
DA:14555,0
DA:14557,0
DA:14559,0
DA:14561,0
DA:14563,0
DA:14565,0
DA:14567,0
DA:14569,0
DA:14571,0
DA:14573,0
DA:14575,0
DA:14579,0
DA:14586,0
DA:14590,0
DA:14597,0
DA:14599,0
DA:14601,0
DA:14612,0
DA:14616,0
DA:14623,0
DA:14625,0
DA:14627,0
DA:14631,0
DA:14638,0
DA:14642,0
DA:14649,0
DA:14651,0
DA:14653,0
DA:14664,0
DA:14675,0
DA:14686,0
DA:14697,0
DA:14701,0
DA:14708,0
DA:14710,0
DA:14712,0
DA:14714,0
DA:14716,0
DA:14727,0
DA:14729,0
DA:14731,0
DA:14733,0
DA:14735,0
DA:14737,0
DA:14739,0
DA:14750,0
DA:14761,0
DA:14763,0
DA:14765,0
DA:14767,0
DA:14769,0
DA:14771,0
DA:14773,0
DA:14775,0
DA:14777,0
DA:14779,0
DA:14781,0
DA:14783,0
DA:14785,0
DA:14796,0
DA:14807,0
DA:14809,0
DA:14811,0
DA:14813,0
DA:14815,0
DA:14817,0
DA:14819,0
DA:14821,0
DA:14823,0
DA:14825,0
DA:14827,0
DA:14829,0
DA:14831,0
DA:14833,0
DA:14835,0
DA:14837,0
DA:14839,0
DA:14841,0
DA:14843,0
DA:14847,0
DA:14870,0
DA:14872,0
DA:14874,0
DA:14876,0
DA:14878,0
DA:14880,0
DA:14882,0
DA:14884,0
DA:14886,0
DA:14888,0
DA:14890,0
DA:14892,0
DA:14894,0
DA:14896,0
DA:14898,0
DA:14900,0
DA:14902,0
DA:14904,0
DA:14906,0
DA:14910,0
DA:14933,0
DA:14935,0
DA:14937,0
DA:14939,0
DA:14941,0
DA:14943,0
DA:14945,0
DA:14949,0
DA:14956,0
DA:14958,0
DA:14960,0
DA:14962,0
DA:14964,0
DA:14966,0
DA:14968,0
DA:14970,0
DA:14972,0
DA:14974,0
DA:14976,0
DA:14978,0
DA:14980,0
DA:14982,0
DA:14984,0
DA:14986,0
DA:14988,0
DA:14990,0
DA:14994,0
DA:15019,0
DA:15021,0
DA:15023,0
DA:15025,0
DA:15027,0
DA:15029,0
DA:15031,0
DA:15033,0
DA:15035,0
DA:15037,0
DA:15039,0
DA:15041,0
DA:15043,0
DA:15045,0
DA:15047,0
DA:15049,0
DA:15051,0
DA:15053,0
DA:15055,0
DA:15057,0
DA:15059,0
DA:15061,0
DA:15063,0
DA:15067,0
DA:15091,0
DA:15093,0
DA:15095,0
DA:15097,0
DA:15099,0
DA:15101,0
DA:15103,0
DA:15105,0
DA:15107,0
DA:15109,0
DA:15111,0
DA:15113,0
DA:15117,0
DA:15139,0
DA:15141,0
DA:15143,0
DA:15145,0
DA:15147,0
DA:15149,0
DA:15153,0
DA:15160,0
DA:15162,0
DA:15164,0
DA:15168,0
DA:15175,0
DA:15186,0
DA:15188,0
DA:15190,0
DA:15192,0
DA:15194,0
DA:15196,0
DA:15198,0
DA:15200,0
DA:15202,0
DA:15204,0
DA:15206,0
DA:15208,0
DA:15210,0
DA:15214,0
DA:15221,0
DA:15225,0
DA:15232,0
DA:15236,0
DA:15256,0
DA:15258,0
DA:15269,0
DA:15273,0
DA:15280,0
DA:15282,0
DA:15284,0
DA:15286,0
DA:15288,0
DA:15292,0
DA:15299,0
DA:15301,0
DA:15303,0
DA:15307,0
DA:15314,0
DA:15316,0
DA:15318,0
DA:15320,0
DA:15322,0
DA:15326,0
DA:15333,0
DA:15335,0
DA:15337,0
DA:15339,0
DA:15341,0
DA:15343,0
DA:15345,0
DA:15347,0
DA:15349,0
DA:15351,0
DA:15353,0
DA:15355,0
DA:15357,0
DA:15359,0
DA:15361,0
DA:15363,0
DA:15365,0
DA:15367,0
DA:15369,0
DA:15373,0
DA:15393,0
DA:15395,0
DA:15397,0
DA:15399,0
DA:15401,0
DA:15403,0
DA:15405,0
DA:15407,0
DA:15409,0
DA:15411,0
DA:15413,0
DA:15415,0
DA:15417,0
DA:15419,0
DA:15421,0
DA:15423,0
DA:15425,0
DA:15427,0
DA:15429,0
DA:15431,0
DA:15433,0
DA:15435,0
DA:15437,0
DA:15439,0
DA:15443,0
DA:15465,0
DA:15467,0
DA:15469,0
DA:15471,0
DA:15473,0
DA:15475,0
DA:15477,0
DA:15479,0
DA:15481,0
DA:15485,0
DA:15492,0
DA:15494,0
DA:15496,0
DA:15498,0
DA:15500,0
DA:15502,0
DA:15504,0
DA:15506,0
DA:15508,0
DA:15510,0
DA:15512,0
DA:15514,0
DA:15516,0
DA:15518,0
DA:15520,0
DA:15522,0
DA:15524,0
DA:15526,0
DA:15528,0
DA:15530,0
DA:15532,0
DA:15534,0
DA:15536,0
DA:15538,0
DA:15540,0
DA:15542,0
DA:15544,0
DA:15546,0
DA:15548,0
DA:15550,0
DA:15552,0
DA:15554,0
DA:15556,0
DA:15558,0
DA:15560,0
DA:15562,0
DA:15564,0
DA:15566,0
DA:15568,0
DA:15570,0
DA:15572,0
DA:15574,0
DA:15576,0
DA:15580,0
DA:15612,0
DA:15614,0
DA:15616,0
DA:15620,0
DA:15621,0
DA:15622,0
DA:15627,0
DA:15629,0
DA:15631,0
DA:15633,0
DA:15635,0
DA:15637,0
DA:15639,0
DA:15641,0
DA:15643,0
DA:15645,0
DA:15647,0
DA:15649,0
DA:15651,0
DA:15653,0
DA:15655,0
DA:15657,0
DA:15659,0
DA:15661,0
DA:15663,0
DA:15665,0
DA:15667,0
DA:15669,0
DA:15671,0
DA:15673,0
DA:15675,0
DA:15677,0
DA:15679,0
DA:15681,0
DA:15683,0
DA:15685,0
DA:15687,0
DA:15689,0
DA:15691,0
DA:15693,0
DA:15695,0
DA:15697,0
DA:15699,0
DA:15701,0
DA:15703,0
DA:15707,0
DA:15739,0
DA:15741,0
DA:15743,0
DA:15745,0
DA:15747,0
DA:15749,0
DA:15751,0
DA:15753,0
DA:15755,0
DA:15757,0
DA:15759,0
DA:15761,0
DA:15763,0
DA:15765,0
DA:15767,0
DA:15769,0
DA:15771,0
DA:15773,0
DA:15775,0
DA:15777,0
DA:15779,0
DA:15781,0
DA:15783,0
DA:15785,0
DA:15787,0
DA:15789,0
DA:15791,0
DA:15793,0
DA:15795,0
DA:15797,0
DA:15799,0
DA:15801,0
DA:15803,0
DA:15805,0
DA:15807,0
DA:15809,0
DA:15811,0
DA:15813,0
DA:15815,0
DA:15817,0
DA:15819,0
DA:15821,0
DA:15823,0
DA:15825,0
DA:15827,0
DA:15829,0
DA:15831,0
DA:15833,0
DA:15835,0
DA:15837,0
DA:15839,0
DA:15841,0
DA:15843,0
DA:15845,0
DA:15847,0
DA:15849,0
DA:15853,0
DA:15892,0
DA:15894,0
DA:15896,0
DA:15898,0
DA:15900,0
DA:15902,0
DA:15904,0
DA:15906,0
DA:15908,0
DA:15910,0
DA:15912,0
DA:15914,0
DA:15916,0
DA:15918,0
DA:15920,0
DA:15922,0
DA:15926,0
DA:15933,0
DA:15935,0
DA:15937,0
DA:15939,0
DA:15941,0
DA:15943,0
DA:15945,0
DA:15947,0
DA:15949,0
DA:15951,0
DA:15953,0
DA:15955,0
DA:15957,0
DA:15959,0
DA:15961,0
DA:15963,0
DA:15965,0
DA:15967,0
DA:15969,0
DA:15971,0
DA:15973,0
DA:15975,0
DA:15977,0
DA:15979,0
DA:15981,0
DA:15983,0
DA:15985,0
DA:15987,0
DA:15989,0
DA:15991,0
DA:15993,0
DA:15995,0
DA:15997,0
DA:15999,0
DA:16001,0
DA:16003,0
DA:16005,0
DA:16007,0
DA:16009,0
DA:16011,0
DA:16013,0
DA:16015,0
DA:16017,0
DA:16021,0
DA:16057,0
DA:16059,0
DA:16061,0
DA:16063,0
DA:16065,0
DA:16067,0
DA:16069,0
DA:16071,0
DA:16073,0
DA:16075,0
DA:16077,0
DA:16079,0
DA:16083,0
DA:16090,0
DA:16092,0
DA:16096,0
DA:16097,0
DA:16098,0
DA:16103,0
DA:16105,0
DA:16109,0
DA:16110,0
DA:16111,0
DA:16116,0
DA:16118,0
DA:16120,0
DA:16122,0
DA:16124,0
DA:16126,0
DA:16128,0
DA:16130,0
DA:16132,0
DA:16134,0
DA:16136,0
DA:16138,0
DA:16140,0
DA:16142,0
DA:16144,0
DA:16146,0
DA:16148,0
DA:16150,0
DA:16152,0
DA:16154,0
DA:16156,0
DA:16158,0
DA:16160,0
DA:16162,0
DA:16164,0
DA:16168,0
DA:16193,0
DA:16195,0
DA:16197,0
DA:16199,0
DA:16201,0
DA:16203,0
DA:16205,0
DA:16207,0
DA:16209,0
DA:16211,0
DA:16213,0
DA:16215,0
DA:16217,0
DA:16219,0
DA:16221,0
DA:16223,0
DA:16225,0
DA:16227,0
DA:16229,0
DA:16231,0
DA:16233,0
DA:16235,0
DA:16237,0
DA:16239,0
DA:16241,0
DA:16243,0
DA:16245,0
DA:16247,0
DA:16249,0
DA:16251,0
DA:16253,0
DA:16255,0
DA:16257,0
DA:16259,0
DA:16261,0
DA:16263,0
DA:16265,0
DA:16267,0
DA:16269,0
DA:16271,0
DA:16273,0
DA:16275,0
DA:16277,0
DA:16279,0
DA:16281,0
DA:16283,0
DA:16285,0
DA:16289,0
DA:16327,0
DA:16329,0
DA:16331,0
DA:16335,0
DA:16342,0
DA:16344,0
DA:16346,0
DA:16350,0
DA:16381,0
DA:16383,0
DA:16385,0
DA:16387,0
DA:16389,0
DA:16391,0
DA:16393,0
DA:16395,0
DA:16397,0
DA:16399,0
DA:16401,0
DA:16403,0
DA:16405,0
DA:16407,0
DA:16409,0
DA:16411,0
DA:16413,0
DA:16415,0
DA:16417,0
DA:16419,0
DA:16421,0
DA:16423,0
DA:16425,0
DA:16427,0
DA:16429,0
DA:16431,0
DA:16433,0
DA:16435,0
DA:16437,0
DA:16439,0
DA:16441,0
DA:16443,0
DA:16445,0
DA:16447,0
DA:16449,0
DA:16451,0
DA:16453,0
DA:16455,0
DA:16457,0
DA:16459,0
DA:16461,0
DA:16463,0
DA:16465,0
DA:16469,0
DA:16476,0
DA:16478,0
DA:16480,0
DA:16482,0
DA:16484,0
DA:16486,0
DA:16488,0
DA:16490,0
DA:16492,0
DA:16494,0
DA:16496,0
DA:16498,0
DA:16500,0
DA:16502,0
DA:16504,0
DA:16506,0
DA:16508,0
DA:16510,0
DA:16512,0
DA:16514,0
DA:16516,0
DA:16518,0
DA:16520,0
DA:16522,0
DA:16524,0
DA:16526,0
DA:16528,0
DA:16532,0
DA:16557,0
DA:16559,0
DA:16561,0
DA:16563,0
DA:16565,0
DA:16567,0
DA:16569,0
DA:16573,0
DA:16580,0
DA:16582,0
DA:16584,0
DA:16586,0
DA:16588,0
DA:16590,0
DA:16592,0
DA:16594,0
DA:16596,0
DA:16598,0
DA:16600,0
DA:16602,0
DA:16604,0
DA:16606,0
DA:16608,0
DA:16610,0
DA:16612,0
DA:16616,0
DA:16636,0
DA:16638,0
DA:16640,0
DA:16642,0
DA:16644,0
DA:16646,0
DA:16648,0
DA:16650,0
DA:16652,0
DA:16654,0
DA:16656,0
DA:16658,0
DA:16660,0
DA:16662,0
DA:16664,0
DA:16668,0
DA:16690,0
DA:16692,0
DA:16694,0
DA:16696,0
DA:16698,0
DA:16700,0
DA:16702,0
DA:16704,0
DA:16706,0
DA:16708,0
DA:16710,0
DA:16712,0
DA:16714,0
DA:16716,0
DA:16718,0
DA:16720,0
DA:16722,0
DA:16724,0
DA:16726,0
DA:16728,0
DA:16730,0
DA:16732,0
DA:16734,0
DA:16738,0
DA:16764,0
DA:16766,0
DA:16768,0
DA:16770,0
DA:16772,0
DA:16774,0
DA:16776,0
DA:16778,0
DA:16780,0
DA:16784,0
DA:16791,0
DA:16793,0
DA:16795,0
DA:16797,0
DA:16799,0
DA:16803,0
DA:16810,0
DA:16812,0
DA:16814,0
DA:16816,0
DA:16818,0
DA:16820,0
DA:16822,0
DA:16824,0
DA:16826,0
DA:16828,0
DA:16830,0
DA:16832,0
DA:16834,0
DA:16836,0
DA:16838,0
DA:16840,0
DA:16842,0
DA:16844,0
DA:16846,0
DA:16848,0
DA:16850,0
DA:16852,0
DA:16854,0
DA:16858,0
DA:16882,0
DA:16884,0
DA:16886,0
DA:16888,0
DA:16890,0
DA:16892,0
DA:16894,0
DA:16896,0
DA:16898,0
DA:16902,0
DA:16909,0
DA:16911,0
DA:16913,0
DA:16915,0
DA:16917,0
DA:16919,0
DA:16921,0
DA:16923,0
DA:16925,0
DA:16929,0
DA:16936,0
DA:16938,0
DA:16940,0
DA:16942,0
DA:16944,0
DA:16946,0
DA:16948,0
DA:16952,0
DA:16959,0
DA:16961,0
DA:16963,0
DA:16965,0
DA:16967,0
DA:16971,0
DA:16978,0
DA:16980,0
DA:16982,0
DA:16984,0
DA:16986,0
DA:16988,0
DA:16990,0
DA:16992,0
DA:16994,0
DA:16996,0
DA:16998,0
DA:17000,0
DA:17002,0
DA:17004,0
DA:17006,0
DA:17008,0
DA:17010,0
DA:17012,0
DA:17014,0
DA:17016,0
DA:17018,0
DA:17022,0
DA:17047,0
DA:17049,0
DA:17051,0
DA:17053,0
DA:17055,0
DA:17057,0
DA:17059,0
DA:17063,0
DA:17070,0
DA:17072,0
DA:17074,0
DA:17076,0
DA:17078,0
DA:17080,0
DA:17082,0
DA:17084,0
DA:17086,0
DA:17088,0
DA:17090,0
DA:17092,0
DA:17094,0
DA:17098,0
DA:17105,0
DA:17107,0
DA:17109,0
DA:17111,0
DA:17113,0
DA:17115,0
DA:17117,0
DA:17119,0
DA:17121,0
DA:17123,0
DA:17125,0
DA:17127,0
DA:17129,0
DA:17131,0
DA:17133,0
DA:17137,0
DA:17157,0
DA:17159,0
DA:17161,0
DA:17163,0
DA:17165,0
DA:17167,0
DA:17169,0
DA:17171,0
DA:17173,0
DA:17175,0
DA:17177,0
DA:17181,0
DA:17188,0
DA:17190,0
DA:17192,0
DA:17194,0
DA:17196,0
DA:17198,0
DA:17200,0
DA:17202,0
DA:17204,0
DA:17206,0
DA:17208,0
DA:17210,0
DA:17212,0
DA:17214,0
DA:17216,0
DA:17218,0
DA:17220,0
DA:17222,0
DA:17224,0
DA:17226,0
DA:17228,0
DA:17232,0
DA:17252,0
DA:17254,0
DA:17256,0
DA:17258,0
DA:17260,0
DA:17262,0
DA:17264,0
DA:17268,0
DA:17275,0
DA:17277,0
DA:17279,0
DA:17281,0
DA:17283,0
DA:17285,0
DA:17287,0
DA:17289,0
DA:17291,0
DA:17293,0
DA:17295,0
DA:17297,0
DA:17299,0
DA:17301,0
DA:17303,0
DA:17305,0
DA:17307,0
DA:17309,0
DA:17311,0
DA:17313,0
DA:17315,0
DA:17317,0
DA:17319,0
DA:17321,0
DA:17323,0
DA:17325,0
DA:17327,0
DA:17329,0
DA:17331,0
DA:17333,0
DA:17335,0
DA:17337,0
DA:17339,0
DA:17341,0
DA:17343,0
DA:17345,0
DA:17347,0
DA:17349,0
DA:17351,0
DA:17353,0
DA:17355,0
DA:17357,0
DA:17359,0
DA:17361,0
DA:17363,0
DA:17367,0
DA:17404,0
DA:17406,0
DA:17408,0
DA:17410,0
DA:17412,0
DA:17414,0
DA:17416,0
DA:17418,0
DA:17420,0
DA:17422,0
DA:17424,0
DA:17426,0
DA:17428,0
DA:17430,0
DA:17432,0
DA:17436,0
DA:17456,0
DA:17458,0
DA:17460,0
DA:17462,0
DA:17464,0
DA:17468,0
DA:17475,0
DA:17477,0
DA:17479,0
DA:17481,0
DA:17483,0
DA:17485,0
DA:17487,0
DA:17491,0
DA:17498,0
DA:17500,0
DA:17502,0
DA:17504,0
DA:17506,0
DA:17508,0
DA:17510,0
DA:17514,0
DA:17521,0
DA:17523,0
DA:17525,0
DA:17527,0
DA:17529,0
DA:17531,0
DA:17533,0
DA:17535,0
DA:17537,0
DA:17539,0
DA:17541,0
DA:17543,0
DA:17545,0
DA:17549,0
DA:17570,0
DA:17572,0
DA:17574,0
DA:17576,0
DA:17578,0
DA:17580,0
DA:17582,0
DA:17584,0
DA:17586,0
DA:17588,0
DA:17590,0
DA:17592,0
DA:17594,0
DA:17598,0
DA:17605,0
DA:17607,0
DA:17609,0
DA:17611,0
DA:17613,0
DA:17615,0
DA:17617,0
DA:17619,0
DA:17621,0
DA:17623,0
DA:17625,0
DA:17627,0
DA:17629,0
DA:17633,0
DA:17640,0
DA:17642,0
DA:17644,0
DA:17646,0
DA:17648,0
DA:17650,0
DA:17652,0
DA:17654,0
DA:17656,0
DA:17658,0
DA:17660,0
DA:17662,0
DA:17664,0
DA:17666,0
DA:17668,0
DA:17672,0
DA:17693,0
DA:17695,0
DA:17697,0
DA:17699,0
DA:17701,0
DA:17705,0
DA:17726,0
DA:17728,0
DA:17730,0
DA:17732,0
DA:17734,0
DA:17736,0
DA:17738,0
DA:17740,0
DA:17742,0
DA:17744,0
DA:17746,0
DA:17748,0
DA:17750,0
DA:17752,0
DA:17754,0
DA:17758,0
DA:17776,0
DA:17778,0
DA:17780,0
DA:17782,0
DA:17784,0
DA:17786,0
DA:17788,0
DA:17790,0
DA:17792,0
DA:17796,0
DA:17803,0
DA:17805,0
DA:17807,0
DA:17809,0
DA:17811,0
DA:17813,0
DA:17815,0
DA:17817,0
DA:17819,0
DA:17821,0
DA:17823,0
DA:17825,0
DA:17827,0
DA:17831,0
DA:17850,0
DA:17852,0
DA:17854,0
DA:17856,0
DA:17858,0
DA:17862,0
DA:17869,0
DA:17871,0
DA:17873,0
DA:17877,0
DA:17907,0
DA:17909,0
DA:17913,0
DA:17920,0
DA:17922,0
DA:17926,0
DA:17957,0
DA:17959,0
DA:17963,0
DA:17983,0
DA:17985,0
DA:17989,0
DA:17996,0
DA:18000,0
DA:18028,0
DA:18030,0
DA:18034,0
DA:18041,0
DA:18044,0
DA:18045,0
DA:18050,0
DA:18057,0
DA:18062,0
DA:18069,0
DA:18074,0
DA:18081,0
DA:18086,0
DA:18093,0
DA:18098,0
DA:18105,0
DA:18110,0
DA:18117,0
DA:18122,0
DA:18129,0
DA:18134,0
DA:18141,0
DA:18146,0
DA:18153,0
DA:18158,0
DA:18165,0
DA:18170,0
DA:18177,0
DA:18182,0
DA:18189,0
DA:18194,0
DA:18201,0
DA:18206,0
DA:18213,0
DA:18218,0
DA:18225,0
DA:18230,0
DA:18237,0
DA:18242,0
DA:18249,0
DA:18254,0
DA:18261,0
DA:18266,0
DA:18273,0
DA:18278,0
DA:18285,0
DA:18290,0
DA:18297,0
DA:18302,0
DA:18309,0
DA:18314,0
DA:18321,0
DA:18326,0
DA:18333,0
DA:18338,0
DA:18345,0
DA:18350,0
DA:18357,0
DA:18362,0
DA:18369,0
DA:18374,0
DA:18381,0
DA:18386,0
DA:18393,0
DA:18398,0
DA:18405,0
DA:18410,0
DA:18417,0
DA:18429,0
DA:18434,0
DA:18441,0
DA:18446,0
DA:18453,0
DA:18458,0
DA:18465,0
DA:18470,0
DA:18477,0
DA:18482,0
DA:18489,0
DA:18494,0
DA:18501,0
DA:18506,0
DA:18513,0
DA:18518,0
DA:18525,0
DA:18530,0
DA:18537,0
DA:18542,0
DA:18549,0
DA:18554,0
DA:18561,0
DA:18566,0
DA:18573,0
DA:18578,0
DA:18585,0
DA:18590,0
DA:18597,0
DA:18602,0
DA:18609,0
DA:18614,0
DA:18621,0
DA:18626,0
DA:18633,0
DA:18638,0
DA:18639,0
DA:18640,0
DA:18645,0
DA:18650,0
DA:18657,0
DA:18662,0
DA:18669,0
DA:18674,0
DA:18681,0
DA:18686,0
DA:18693,0
DA:18698,0
DA:18705,0
DA:18710,0
DA:18717,0
DA:18722,0
DA:18729,0
DA:18734,0
DA:18741,0
DA:18746,0
DA:18753,0
DA:18758,0
DA:18765,0
DA:18770,0
DA:18777,0
DA:18782,0
DA:18783,0
DA:18784,0
DA:18789,0
DA:18794,0
DA:18801,0
DA:18806,0
DA:18813,0
DA:18818,0
DA:18825,0
DA:18830,0
DA:18837,0
DA:18842,0
DA:18843,0
DA:18844,0
DA:18849,0
DA:18854,0
DA:18861,0
DA:18866,0
DA:18867,0
DA:18868,0
DA:18873,0
DA:18878,0
DA:18885,0
DA:18890,0
DA:18891,0
DA:18892,0
DA:18897,0
DA:18902,0
DA:18909,0
DA:18914,0
DA:18921,0
DA:18926,0
DA:18933,0
DA:18938,0
DA:18945,0
DA:18950,0
DA:18951,0
DA:18952,0
DA:18957,0
DA:18962,0
DA:18969,0
DA:18974,0
DA:18975,0
DA:18976,0
DA:18981,0
DA:18986,0
DA:18993,0
DA:18998,0
DA:18999,0
DA:19000,0
DA:19005,0
DA:19010,0
DA:19017,0
DA:19022,0
DA:19023,0
DA:19024,0
DA:19029,0
DA:19034,0
DA:19041,0
DA:19046,0
DA:19053,0
DA:19058,0
DA:19059,0
DA:19060,0
DA:19065,0
DA:19070,0
DA:19077,0
DA:19082,0
DA:19089,0
DA:19094,0
DA:19101,0
DA:19106,0
DA:19113,0
DA:19118,0
DA:19125,0
DA:19130,0
DA:19137,0
DA:19142,0
DA:19149,0
DA:19154,0
DA:19161,0
DA:19166,0
DA:19173,0
DA:19178,0
DA:19179,0
DA:19180,0
DA:19185,0
DA:19190,0
DA:19197,0
DA:19209,0
DA:19214,0
DA:19221,0
DA:19226,0
DA:19233,0
DA:19238,0
DA:19245,0
DA:19250,0
DA:19257,0
DA:19262,0
DA:19269,0
DA:19274,0
DA:19281,0
DA:19286,0
DA:19293,0
DA:19298,0
DA:19305,0
DA:19310,0
DA:19317,0
DA:19322,0
DA:19329,0
DA:19334,0
DA:19341,0
DA:19346,0
DA:19353,0
DA:19358,0
DA:19365,0
DA:19370,0
DA:19377,0
DA:19382,0
DA:19389,0
DA:19394,0
DA:19401,0
DA:19406,0
DA:19413,0
DA:19418,0
DA:19425,0
DA:19430,0
DA:19437,0
DA:19442,0
DA:19449,0
DA:19454,0
DA:19461,0
DA:19466,0
DA:19473,0
DA:19478,0
DA:19485,0
DA:19490,0
DA:19491,0
DA:19492,0
DA:19497,0
DA:19502,0
DA:19509,0
DA:19514,0
DA:19521,0
DA:19526,0
DA:19527,0
DA:19528,0
DA:19533,0
DA:19538,0
DA:19545,0
DA:19550,0
DA:19557,0
DA:19562,0
DA:19569,0
DA:19574,0
DA:19581,0
DA:19586,0
DA:19593,0
DA:19598,0
DA:19605,0
DA:19610,0
DA:19617,0
DA:19622,0
DA:19629,0
DA:19634,0
DA:19641,0
DA:19646,0
DA:19653,0
DA:19658,0
DA:19665,0
DA:19670,0
DA:19677,0
DA:19682,0
DA:19689,0
DA:19694,0
DA:19701,0
DA:19706,0
DA:19713,0
DA:19718,0
DA:19725,0
DA:19730,0
DA:19737,0
DA:19749,0
DA:19754,0
DA:19761,0
DA:19766,0
DA:19773,0
DA:19778,0
DA:19785,0
DA:19790,0
DA:19797,0
DA:19802,0
DA:19809,0
DA:19814,0
DA:19821,0
DA:19826,0
DA:19833,0
DA:19838,0
DA:19845,0
DA:19850,0
DA:19857,0
DA:19862,0
DA:19869,0
DA:19874,0
DA:19881,0
DA:19886,0
DA:19893,0
DA:19898,0
DA:19905,0
DA:19910,0
DA:19917,0
DA:19922,0
DA:19929,0
DA:19934,0
DA:19941,0
DA:19946,0
DA:19953,0
DA:19958,0
DA:19965,0
DA:19970,0
DA:19977,0
DA:19982,0
DA:19989,0
DA:19994,0
DA:20001,0
DA:20006,0
DA:20013,0
DA:20018,0
DA:20025,0
DA:20030,0
DA:20037,0
DA:20042,0
DA:20049,0
DA:20054,0
DA:20061,0
DA:20066,0
DA:20073,0
DA:20078,0
DA:20085,0
DA:20090,0
DA:20097,0
DA:20102,0
DA:20109,0
DA:20114,0
DA:20121,0
DA:20126,0
DA:20133,0
DA:20138,0
DA:20145,0
DA:20150,0
DA:20157,0
DA:20162,0
DA:20169,0
DA:20174,0
DA:20181,0
DA:20186,0
DA:20193,0
DA:20198,0
DA:20205,0
DA:20210,0
DA:20217,0
DA:20222,0
DA:20229,0
DA:20234,0
DA:20241,0
DA:20246,0
DA:20253,0
DA:20258,0
DA:20265,0
DA:20277,0
DA:20282,0
DA:20289,0
DA:20294,0
DA:20301,0
DA:20306,0
DA:20313,0
DA:20318,0
DA:20325,0
DA:20330,0
DA:20337,0
DA:20342,0
DA:20349,0
DA:20354,0
DA:20361,0
DA:20366,0
DA:20373,0
DA:20378,0
DA:20385,0
DA:20390,0
DA:20397,0
DA:20402,0
DA:20409,0
DA:20414,0
DA:20421,0
DA:20426,0
DA:20433,0
DA:20438,0
DA:20445,0
DA:20450,0
DA:20457,0
DA:20462,0
DA:20469,0
DA:20474,0
DA:20481,0
DA:20486,0
DA:20493,0
DA:20498,0
DA:20505,0
DA:20510,0
DA:20517,0
DA:20522,0
DA:20529,0
DA:20534,0
DA:20541,0
DA:20546,0
DA:20553,0
DA:20565,0
DA:20570,0
DA:20577,0
DA:20582,0
DA:20589,0
DA:20594,0
DA:20601,0
DA:20606,0
DA:20613,0
DA:20618,0
DA:20625,0
DA:20630,0
DA:20637,0
DA:20642,0
DA:20649,0
DA:20654,0
DA:20661,0
DA:20666,0
DA:20673,0
DA:20678,0
DA:20685,0
DA:20690,0
DA:20697,0
DA:20702,0
DA:20709,0
DA:20714,0
DA:20721,0
DA:20726,0
DA:20733,0
DA:20738,0
DA:20745,0
DA:20750,0
DA:20757,0
DA:20762,0
DA:20769,0
DA:20774,0
DA:20781,0
DA:20786,0
DA:20793,0
DA:20798,0
DA:20805,0
DA:20810,0
DA:20817,0
DA:20822,0
DA:20829,0
DA:20834,0
DA:20841,0
DA:20846,0
DA:20853,0
DA:20858,0
DA:20865,0
DA:20870,0
DA:20877,0
DA:20882,0
DA:20889,0
DA:20894,0
DA:20901,0
DA:20906,0
DA:20913,0
DA:20918,0
DA:20925,0
DA:20930,0
DA:20937,0
DA:20942,0
DA:20949,0
DA:20954,0
DA:20961,0
DA:20966,0
DA:20973,0
DA:20978,0
DA:20985,0
DA:20990,0
DA:20997,0
DA:21002,0
DA:21009,0
DA:21014,0
DA:21021,0
DA:21026,0
DA:21033,0
DA:21038,0
DA:21039,0
DA:21040,0
DA:21045,0
DA:21050,0
DA:21057,0
DA:21062,0
DA:21069,0
DA:21074,0
DA:21081,0
DA:21086,0
DA:21093,0
DA:21098,0
DA:21105,0
DA:21110,0
DA:21117,0
DA:21122,0
DA:21129,0
DA:21134,0
DA:21135,0
DA:21136,0
DA:21141,0
DA:21146,0
DA:21153,0
DA:21158,0
DA:21159,0
DA:21160,0
DA:21165,0
DA:21170,0
DA:21177,0
DA:21182,0
DA:21189,0
DA:21194,0
DA:21201,0
DA:21206,0
DA:21213,0
DA:21218,0
DA:21225,0
DA:21230,0
DA:21237,0
DA:21242,0
DA:21249,0
DA:21254,0
DA:21261,0
DA:21266,0
DA:21273,0
DA:21278,0
DA:21285,0
DA:21290,0
DA:21297,0
DA:21302,0
DA:21309,0
DA:21314,0
DA:21315,0
DA:21316,0
DA:21321,0
DA:21326,0
DA:21333,0
DA:21338,0
DA:21345,0
DA:21350,0
DA:21357,0
DA:21362,0
DA:21369,0
DA:21374,0
DA:21375,0
DA:21376,0
DA:21381,0
DA:21386,0
DA:21393,0
DA:21398,0
DA:21399,0
DA:21400,0
DA:21405,0
DA:21410,0
DA:21417,0
DA:21422,0
DA:21429,0
DA:21434,0
DA:21441,0
DA:21446,0
DA:21453,0
DA:21458,0
DA:21465,0
DA:21470,0
DA:21477,0
DA:21482,0
DA:21489,0
DA:21494,0
DA:21501,0
DA:21506,0
DA:21513,0
DA:21518,0
DA:21525,0
DA:21530,0
DA:21537,0
DA:21542,0
DA:21549,0
DA:21554,0
DA:21561,0
DA:21566,0
DA:21573,0
DA:21578,0
DA:21585,0
DA:21590,0
DA:21597,0
DA:21602,0
DA:21609,0
DA:21614,0
DA:21615,0
DA:21616,0
DA:21621,0
DA:21626,0
DA:21633,0
DA:21638,0
DA:21645,0
DA:21650,0
DA:21657,0
DA:21662,0
DA:21669,0
DA:21674,0
DA:21681,0
DA:21686,0
DA:21693,0
DA:21698,0
DA:21705,0
DA:21710,0
DA:21717,0
DA:21722,0
DA:21729,0
DA:21734,0
DA:21741,0
DA:21746,0
DA:21747,0
DA:21748,0
DA:21753,0
DA:21758,0
DA:21765,0
DA:21770,0
DA:21777,0
DA:21782,0
DA:21789,0
DA:21794,0
DA:21801,0
DA:21806,0
DA:21813,0
DA:21818,0
DA:21825,0
DA:21830,0
DA:21837,0
DA:21842,0
DA:21849,0
DA:21854,0
DA:21861,0
DA:21866,0
DA:21867,0
DA:21868,0
DA:21873,0
DA:21878,0
DA:21885,0
DA:21890,0
DA:21891,0
DA:21892,0
DA:21897,0
DA:21902,0
DA:21909,0
DA:21914,0
DA:21921,0
DA:21926,0
DA:21933,0
DA:21938,0
DA:21945,0
DA:21950,0
DA:21957,0
DA:21962,0
DA:21969,0
DA:21974,0
DA:21981,0
DA:21986,0
DA:21993,0
DA:21998,0
DA:22005,0
DA:22010,0
DA:22017,0
DA:22022,0
DA:22029,0
DA:22034,0
DA:22041,0
DA:22046,0
DA:22047,0
DA:22048,0
DA:22053,0
DA:22058,0
DA:22059,0
DA:22060,0
DA:22065,0
DA:22070,0
DA:22071,0
DA:22072,0
DA:22077,0
DA:22082,0
DA:22089,0
DA:22094,0
DA:22101,0
DA:22106,0
DA:22113,0
DA:22118,0
DA:22125,0
DA:22130,0
DA:22137,0
DA:22142,0
DA:22143,0
DA:22144,0
DA:22149,0
DA:22154,0
DA:22161,0
DA:22166,0
DA:22167,0
DA:22168,0
DA:22173,0
DA:22178,0
DA:22179,0
DA:22180,0
DA:22185,0
DA:22190,0
DA:22191,0
DA:22192,0
DA:22197,0
DA:22202,0
DA:22209,0
DA:22214,0
DA:22221,0
DA:22226,0
DA:22233,0
DA:22238,0
DA:22245,0
DA:22250,0
DA:22257,0
DA:22262,0
DA:22269,0
DA:22274,0
DA:22281,0
DA:22286,0
DA:22293,0
DA:22298,0
DA:22305,0
DA:22310,0
DA:22317,0
DA:22322,0
DA:22329,0
DA:22334,0
DA:22341,0
DA:22346,0
DA:22353,0
DA:22358,0
DA:22365,0
DA:22370,0
DA:22377,0
DA:22382,0
DA:22389,0
DA:22394,0
DA:22395,0
DA:22396,0
DA:22401,0
DA:22406,0
DA:22407,0
DA:22408,0
DA:22413,0
DA:22418,0
DA:22425,0
DA:22430,0
DA:22437,0
DA:22442,0
DA:22443,0
DA:22444,0
DA:22449,0
DA:22454,0
DA:22461,0
DA:22466,0
DA:22473,0
DA:22478,0
DA:22479,0
DA:22480,0
DA:22485,0
DA:22490,0
DA:22491,0
DA:22492,0
DA:22497,0
DA:22502,0
DA:22509,0
DA:22514,0
DA:22521,0
DA:22526,0
DA:22533,0
DA:22538,0
DA:22545,0
DA:22550,0
DA:22557,0
DA:22562,0
DA:22569,0
DA:22574,0
DA:22581,0
DA:22586,0
DA:22593,0
DA:22598,0
DA:22605,0
DA:22610,0
DA:22617,0
DA:22622,0
DA:22629,0
DA:22634,0
DA:22635,0
DA:22636,0
DA:22641,0
DA:22646,0
DA:22653,0
DA:22658,0
DA:22665,0
DA:22670,0
DA:22677,0
DA:22682,0
DA:22689,0
DA:22694,0
DA:22701,0
DA:22706,0
DA:22713,0
DA:22718,0
DA:22725,0
DA:22730,0
DA:22737,0
DA:22742,0
DA:22749,0
DA:22754,0
DA:22761,0
DA:22766,0
DA:22773,0
DA:22778,0
DA:22785,0
DA:22790,0
DA:22797,0
DA:22802,0
DA:22809,0
DA:22814,0
DA:22821,0
DA:22826,0
DA:22833,0
DA:22838,0
DA:22845,0
DA:22850,0
DA:22857,0
DA:22862,0
DA:22869,0
DA:22874,0
DA:22881,0
DA:22886,0
DA:22893,0
DA:22898,0
DA:22905,0
DA:22910,0
DA:22917,0
DA:22922,0
DA:22929,0
DA:22934,0
DA:22941,0
DA:22946,0
DA:22953,0
DA:22958,0
DA:22965,0
DA:22970,0
DA:22977,0
DA:22982,0
DA:22989,0
DA:22994,0
DA:23001,0
DA:23006,0
DA:23013,0
DA:23018,0
DA:23025,0
DA:23030,0
DA:23037,0
DA:23049,0
DA:23054,0
DA:23061,0
DA:23066,0
DA:23073,0
DA:23078,0
DA:23085,0
DA:23090,0
DA:23097,0
DA:23102,0
DA:23109,0
DA:23114,0
DA:23121,0
DA:23126,0
DA:23133,0
DA:23138,0
DA:23139,0
DA:23140,0
DA:23145,0
DA:23150,0
DA:23157,0
DA:23162,0
DA:23169,0
DA:23174,0
DA:23181,0
DA:23186,0
DA:23187,0
DA:23188,0
DA:23193,0
DA:23198,0
DA:23205,0
DA:23210,0
DA:23217,0
DA:23222,0
DA:23229,0
DA:23234,0
DA:23241,0
DA:23246,0
DA:23253,0
DA:23258,0
DA:23265,0
DA:23270,0
DA:23277,0
DA:23282,0
DA:23283,0
DA:23284,0
DA:23289,0
DA:23301,0
DA:23306,0
DA:23313,0
DA:23318,0
DA:23325,0
DA:23330,0
DA:23337,0
DA:23342,0
DA:23349,0
DA:23354,0
DA:23361,0
DA:23366,0
DA:23373,0
DA:23378,0
DA:23385,0
DA:23390,0
DA:23397,0
DA:23402,0
DA:23409,0
DA:23414,0
DA:23421,0
DA:23426,0
DA:23433,0
DA:23438,0
DA:23445,0
DA:23450,0
DA:23457,0
DA:23462,0
DA:23463,0
DA:23464,0
DA:23469,0
DA:23474,0
DA:23481,0
DA:23486,0
DA:23493,0
DA:23498,0
DA:23505,0
DA:23510,0
DA:23517,0
DA:23522,0
DA:23529,0
DA:23534,0
DA:23541,0
DA:23546,0
DA:23553,0
DA:23558,0
DA:23565,0
DA:23570,0
DA:23577,0
DA:23582,0
DA:23589,0
DA:23594,0
DA:23601,0
DA:23606,0
DA:23613,0
DA:23618,0
DA:23625,0
DA:23630,0
DA:23637,0
DA:23642,0
DA:23649,0
DA:23654,0
DA:23661,0
DA:23666,0
DA:23673,0
DA:23678,0
DA:23685,0
DA:23690,0
DA:23697,0
DA:23702,0
DA:23709,0
DA:23714,0
DA:23721,0
DA:23726,0
DA:23733,0
DA:23738,0
DA:23745,0
DA:23750,0
DA:23757,0
DA:23762,0
DA:23769,0
DA:23774,0
DA:23781,0
DA:23786,0
DA:23793,0
DA:23798,0
DA:23805,0
DA:23810,0
DA:23817,0
DA:23822,0
DA:23829,0
DA:23834,0
DA:23841,0
DA:23846,0
DA:23853,0
DA:23858,0
DA:23865,0
DA:23870,0
DA:23871,0
DA:23872,0
DA:23877,0
DA:23882,0
DA:23889,0
DA:23894,0
DA:23901,0
DA:23906,0
DA:23913,0
DA:23918,0
DA:23925,0
DA:23930,0
DA:23937,0
DA:23942,0
DA:23949,0
DA:23954,0
DA:23961,0
DA:23966,0
DA:23973,0
DA:23978,0
DA:23985,0
DA:23990,0
DA:23997,0
DA:24002,0
DA:24009,0
DA:24014,0
DA:24021,0
DA:24026,0
DA:24033,0
DA:24038,0
DA:24045,0
DA:24050,0
DA:24057,0
DA:24062,0
DA:24069,0
DA:24074,0
DA:24081,0
DA:24086,0
DA:24093,0
DA:24098,0
DA:24105,0
DA:24110,0
DA:24117,0
DA:24122,0
DA:24129,0
DA:24134,0
DA:24141,0
DA:24146,0
DA:24153,0
DA:24158,0
DA:24165,0
DA:24170,0
DA:24177,0
DA:24182,0
DA:24183,0
DA:24184,0
DA:24189,0
DA:24194,0
DA:24201,0
DA:24206,0
DA:24213,0
DA:24218,0
DA:24225,0
DA:24230,0
DA:24237,0
DA:24242,0
DA:24249,0
DA:24254,0
DA:24261,0
DA:24266,0
DA:24273,0
DA:24285,0
DA:24290,0
DA:24297,0
DA:24302,0
DA:24309,0
DA:24314,0
DA:24321,0
DA:24326,0
DA:24333,0
DA:24338,0
DA:24345,0
DA:24350,0
DA:24357,0
DA:24362,0
DA:24369,0
DA:24374,0
DA:24381,0
DA:24386,0
DA:24393,0
DA:24398,0
DA:24399,0
DA:24400,0
DA:24405,0
DA:24410,0
DA:24417,0
DA:24422,0
DA:24429,0
DA:24434,0
DA:24441,0
DA:24446,0
DA:24453,0
DA:24458,0
DA:24465,0
DA:24470,0
DA:24477,0
DA:24482,0
DA:24489,0
DA:24494,0
DA:24501,0
DA:24506,0
DA:24513,0
DA:24518,0
DA:24525,0
DA:24530,0
DA:24531,0
DA:24532,0
DA:24537,0
DA:24542,0
DA:24549,0
DA:24554,0
DA:24561,0
DA:24566,0
DA:24573,0
DA:24578,0
DA:24585,0
DA:24590,0
DA:24597,0
DA:24602,0
DA:24603,0
DA:24604,0
DA:24609,0
DA:24614,0
DA:24621,0
DA:24626,0
DA:24633,0
DA:24638,0
DA:24645,0
DA:24650,0
DA:24657,0
DA:24662,0
DA:24669,0
DA:24674,0
DA:24681,0
DA:24686,0
DA:24693,0
DA:24698,0
DA:24705,0
DA:24710,0
DA:24717,0
DA:24722,0
DA:24729,0
DA:24734,0
DA:24741,0
DA:24746,0
DA:24753,0
DA:24758,0
DA:24765,0
DA:24770,0
DA:24771,0
DA:24772,0
DA:24777,0
DA:24782,0
DA:24789,0
DA:24794,0
DA:24801,0
DA:24806,0
DA:24813,0
DA:24818,0
DA:24825,0
DA:24837,0
DA:24842,0
DA:24849,0
DA:24854,0
DA:24861,0
DA:24866,0
DA:24873,0
DA:24878,0
DA:24885,0
DA:24890,0
DA:24897,0
DA:24902,0
DA:24903,0
DA:24904,0
DA:24909,0
DA:24914,0
DA:24921,0
DA:24926,0
DA:24933,0
DA:24938,0
DA:24939,0
DA:24940,0
DA:24945,0
DA:24950,0
DA:24957,0
DA:24962,0
DA:24969,0
DA:24974,0
DA:24981,0
DA:24986,0
DA:24993,0
DA:24998,0
DA:25005,0
DA:25010,0
DA:25017,0
DA:25022,0
DA:25029,0
DA:25034,0
DA:25041,0
DA:25046,0
DA:25053,0
DA:25058,0
DA:25065,0
DA:25070,0
DA:25077,0
DA:25082,0
DA:25089,0
DA:25094,0
DA:25101,0
DA:25106,0
DA:25113,0
DA:25118,0
DA:25119,0
DA:25120,0
DA:25125,0
DA:25130,0
DA:25131,0
DA:25132,0
DA:25137,0
DA:25142,0
DA:25149,0
DA:25154,0
DA:25161,0
DA:25166,0
DA:25173,0
DA:25178,0
DA:25185,0
DA:25190,0
DA:25197,0
DA:25202,0
DA:25209,0
DA:25214,0
DA:25221,0
DA:25226,0
DA:25233,0
DA:25238,0
DA:25245,0
DA:25250,0
DA:25257,0
DA:25262,0
DA:25269,0
DA:25274,0
DA:25281,0
DA:25286,0
DA:25293,0
DA:25298,0
DA:25305,0
DA:25310,0
DA:25317,0
DA:25322,0
DA:25329,0
DA:25334,0
DA:25341,0
DA:25346,0
DA:25353,0
DA:25358,0
DA:25365,0
DA:25370,0
DA:25377,0
DA:25382,0
DA:25389,0
DA:25394,0
DA:25401,0
DA:25406,0
DA:25413,0
DA:25418,0
DA:25425,0
DA:25430,0
DA:25431,0
DA:25432,0
DA:25437,0
DA:25442,0
DA:25443,0
DA:25444,0
DA:25449,0
DA:25454,0
DA:25461,0
DA:25466,0
DA:25473,0
DA:25478,0
DA:25485,0
DA:25490,0
DA:25497,0
DA:25502,0
DA:25509,0
DA:25514,0
DA:25515,0
DA:25516,0
DA:25521,0
DA:25526,0
DA:25533,0
DA:25545,0
DA:25550,0
DA:25557,0
DA:25562,0
DA:25569,0
DA:25574,0
DA:25581,0
DA:25586,0
DA:25587,0
DA:25588,0
DA:25593,0
DA:25598,0
DA:25605,0
DA:25610,0
DA:25617,0
DA:25622,0
DA:25629,0
DA:25634,0
DA:25641,0
DA:25646,0
DA:25653,0
DA:25658,0
DA:25665,0
DA:25670,0
DA:25677,0
DA:25682,0
DA:25689,0
DA:25694,0
DA:25701,0
DA:25706,0
DA:25713,0
DA:25718,0
DA:25725,0
DA:25730,0
DA:25737,0
DA:25742,0
DA:25749,0
DA:25754,0
DA:25755,0
DA:25756,0
DA:25761,0
DA:25766,0
DA:25773,0
DA:25778,0
DA:25785,0
DA:25790,0
DA:25797,0
DA:25802,0
DA:25809,0
DA:25814,0
DA:25821,0
DA:25826,0
DA:25833,0
DA:25838,0
DA:25845,0
DA:25850,0
DA:25857,0
DA:25862,0
DA:25869,0
DA:25874,0
DA:25881,0
DA:25886,0
DA:25893,0
DA:25898,0
DA:25905,0
DA:25910,0
DA:25917,0
DA:25922,0
DA:25929,0
DA:25934,0
DA:25941,0
DA:25946,0
DA:25953,0
DA:25958,0
DA:25965,0
DA:25970,0
DA:25977,0
DA:25982,0
DA:25989,0
DA:25994,0
DA:25995,0
DA:25996,0
DA:26001,0
DA:26006,0
DA:26013,0
DA:26018,0
DA:26025,0
DA:26030,0
DA:26037,0
DA:26042,0
DA:26049,0
DA:26054,0
DA:26061,0
DA:26066,0
DA:26073,0
DA:26078,0
DA:26085,0
DA:26090,0
DA:26091,0
DA:26092,0
DA:26097,0
DA:26102,0
DA:26109,0
DA:26114,0
DA:26121,0
DA:26126,0
DA:26133,0
DA:26138,0
DA:26145,0
DA:26150,0
DA:26157,0
DA:26162,0
DA:26169,0
DA:26174,0
DA:26181,0
DA:26186,0
DA:26193,0
DA:26198,0
DA:26205,0
DA:26210,0
DA:26217,0
DA:26222,0
DA:26229,0
DA:26234,0
DA:26241,0
DA:26246,0
DA:26253,0
DA:26258,0
DA:26265,0
DA:26270,0
DA:26277,0
DA:26282,0
DA:26289,0
DA:26294,0
DA:26295,0
DA:26296,0
DA:26301,0
DA:26306,0
DA:26313,0
DA:26318,0
DA:26325,0
DA:26330,0
DA:26337,0
DA:26342,0
DA:26349,0
DA:26361,0
DA:26366,0
DA:26373,0
DA:26378,0
DA:26385,0
DA:26390,0
DA:26397,0
DA:26402,0
DA:26409,0
DA:26414,0
DA:26421,0
DA:26426,0
DA:26433,0
DA:26438,0
DA:26439,0
DA:26440,0
DA:26445,0
DA:26450,0
DA:26457,0
DA:26462,0
DA:26469,0
DA:26474,0
DA:26481,0
DA:26486,0
DA:26493,0
DA:26498,0
DA:26505,0
DA:26510,0
DA:26517,0
DA:26522,0
DA:26523,0
DA:26524,0
DA:26529,0
DA:26534,0
DA:26541,0
DA:26553,0
DA:26558,0
DA:26565,0
DA:26570,0
DA:26577,0
DA:26582,0
DA:26589,0
DA:26594,0
DA:26601,0
DA:26606,0
DA:26613,0
DA:26618,0
DA:26625,0
DA:26630,0
DA:26637,0
DA:26642,0
DA:26649,0
DA:26654,0
DA:26661,0
DA:26666,0
DA:26673,0
DA:26678,0
DA:26685,0
DA:26690,0
DA:26697,0
DA:26702,0
DA:26709,0
DA:26714,0
DA:26721,0
DA:26726,0
DA:26733,0
DA:26738,0
DA:26745,0
DA:26750,0
DA:26757,0
DA:26762,0
DA:26769,0
DA:26774,0
DA:26781,0
DA:26786,0
DA:26793,0
DA:26798,0
DA:26805,0
DA:26810,0
DA:26817,0
DA:26822,0
DA:26829,0
DA:26834,0
DA:26841,0
DA:26846,0
DA:26853,0
DA:26858,0
DA:26865,0
DA:26870,0
DA:26877,0
DA:26882,0
DA:26889,0
DA:26894,0
DA:26901,0
DA:26906,0
DA:26913,0
DA:26918,0
DA:26925,0
DA:26930,0
DA:26937,0
DA:26942,0
DA:26949,0
DA:26954,0
DA:26961,0
DA:26966,0
DA:26973,0
DA:26978,0
DA:26985,0
DA:26990,0
DA:26997,0
DA:27002,0
DA:27009,0
DA:27014,0
DA:27021,0
DA:27026,0
DA:27033,0
DA:27038,0
DA:27045,0
DA:27050,0
DA:27057,0
DA:27062,0
DA:27069,0
DA:27074,0
DA:27081,0
DA:27086,0
DA:27093,0
DA:27098,0
DA:27105,0
DA:27110,0
DA:27117,0
DA:27122,0
DA:27129,0
DA:27141,0
DA:27146,0
DA:27153,0
DA:27158,0
DA:27165,0
DA:27170,0
DA:27177,0
DA:27182,0
DA:27189,0
DA:27194,0
DA:27201,0
DA:27206,0
DA:27213,0
DA:27218,0
DA:27225,0
DA:27230,0
DA:27237,0
DA:27242,0
DA:27249,0
DA:27254,0
DA:27261,0
DA:27266,0
DA:27273,0
DA:27278,0
DA:27285,0
DA:27290,0
DA:27297,0
DA:27302,0
DA:27309,0
DA:27314,0
DA:27321,0
DA:27326,0
DA:27333,0
DA:27338,0
DA:27345,0
DA:27350,0
DA:27357,0
DA:27362,0
DA:27369,0
DA:27374,0
DA:27381,0
DA:27386,0
DA:27393,0
DA:27398,0
DA:27405,0
DA:27410,0
DA:27417,0
DA:27422,0
DA:27429,0
DA:27434,0
DA:27441,0
DA:27446,0
DA:27453,0
DA:27458,0
DA:27465,0
DA:27470,0
DA:27477,0
DA:27482,0
DA:27489,0
DA:27494,0
DA:27501,0
DA:27513,0
DA:27518,0
DA:27525,0
DA:27530,0
DA:27537,0
DA:27542,0
DA:27549,0
DA:27554,0
DA:27561,0
DA:27566,0
DA:27573,0
DA:27578,0
DA:27585,0
DA:27590,0
DA:27597,0
DA:27602,0
DA:27609,0
DA:27614,0
DA:27621,0
DA:27626,0
DA:27633,0
DA:27638,0
DA:27645,0
DA:27650,0
DA:27657,0
DA:27662,0
DA:27663,0
DA:27664,0
DA:27669,0
DA:27674,0
DA:27681,0
DA:27686,0
DA:27693,0
DA:27698,0
DA:27705,0
DA:27710,0
DA:27717,0
DA:27722,0
DA:27729,0
DA:27734,0
DA:27741,0
DA:27746,0
DA:27753,0
DA:27758,0
DA:27765,0
DA:27770,0
DA:27771,0
DA:27772,0
DA:27777,0
DA:27782,0
DA:27783,0
DA:27784,0
DA:27789,0
DA:27794,0
DA:27801,0
DA:27806,0
DA:27813,0
DA:27818,0
DA:27825,0
DA:27830,0
DA:27831,0
DA:27832,0
DA:27837,0
DA:27842,0
DA:27849,0
DA:27854,0
DA:27861,0
DA:27866,0
DA:27873,0
DA:27878,0
DA:27885,0
DA:27890,0
DA:27897,0
DA:27902,0
DA:27909,0
DA:27914,0
DA:27921,0
DA:27926,0
DA:27933,0
DA:27938,0
DA:27945,0
DA:27950,0
DA:27957,0
DA:27962,0
DA:27969,0
DA:27974,0
DA:27981,0
DA:27986,0
DA:27993,0
DA:27998,0
DA:28005,0
DA:28010,0
DA:28017,0
DA:28022,0
DA:28023,0
DA:28024,0
DA:28029,0
DA:28034,0
DA:28035,0
DA:28036,0
DA:28041,0
DA:28046,0
DA:28047,0
DA:28048,0
DA:28053,0
DA:28058,0
DA:28065,0
DA:28070,0
DA:28071,0
DA:28072,0
DA:28077,0
DA:28082,0
DA:28089,0
DA:28094,0
DA:28101,0
DA:28106,0
DA:28113,0
DA:28118,0
DA:28125,0
DA:28130,0
DA:28137,0
DA:28142,0
DA:28149,0
DA:28154,0
DA:28161,0
DA:28166,0
DA:28173,0
DA:28178,0
DA:28185,0
DA:28190,0
DA:28191,0
DA:28192,0
DA:28197,0
DA:28202,0
DA:28203,0
DA:28204,0
DA:28209,0
DA:28214,0
DA:28221,0
DA:28226,0
DA:28227,0
DA:28228,0
DA:28233,0
DA:28238,0
DA:28245,0
DA:28250,0
DA:28257,0
DA:28262,0
DA:28269,0
DA:28274,0
DA:28281,0
DA:28286,0
DA:28293,0
DA:28298,0
DA:28305,0
DA:28310,0
DA:28317,0
DA:28322,0
DA:28329,0
DA:28334,0
DA:28341,0
DA:28346,0
DA:28353,0
DA:28358,0
DA:28365,0
DA:28370,0
DA:28377,0
DA:28382,0
DA:28389,0
DA:28394,0
DA:28401,0
DA:28406,0
DA:28413,0
DA:28418,0
DA:28425,0
DA:28430,0
DA:28437,0
DA:28442,0
DA:28449,0
DA:28454,0
DA:28461,0
DA:28466,0
DA:28473,0
DA:28478,0
DA:28485,0
DA:28490,0
DA:28497,0
DA:28502,0
DA:28509,0
DA:28514,0
DA:28521,0
DA:28526,0
DA:28533,0
DA:28538,0
DA:28545,0
DA:28550,0
DA:28557,0
DA:28562,0
DA:28569,0
DA:28574,0
DA:28581,0
DA:28586,0
DA:28593,0
DA:28598,0
DA:28605,0
DA:28610,0
DA:28617,0
DA:28622,0
DA:28629,0
DA:28634,0
DA:28641,0
DA:28646,0
DA:28653,0
DA:28658,0
DA:28665,0
DA:28670,0
DA:28677,0
DA:28682,0
DA:28683,0
DA:28684,0
DA:28689,0
DA:28694,0
DA:28701,0
DA:28706,0
DA:28713,0
DA:28718,0
DA:28725,0
DA:28730,0
DA:28737,0
DA:28742,0
DA:28749,0
DA:28754,0
DA:28761,0
DA:28766,0
DA:28773,0
DA:28785,0
DA:28790,0
DA:28797,0
DA:28802,0
DA:28809,0
DA:28814,0
DA:28821,0
DA:28826,0
DA:28833,0
DA:28838,0
DA:28845,0
DA:28850,0
DA:28857,0
DA:28862,0
DA:28863,0
DA:28864,0
DA:28869,0
DA:28874,0
DA:28881,0
DA:28886,0
DA:28893,0
DA:28898,0
DA:28905,0
DA:28910,0
DA:28917,0
DA:28922,0
DA:28929,0
DA:28934,0
DA:28941,0
DA:28946,0
DA:28953,0
DA:28965,0
DA:28970,0
DA:28977,0
DA:28982,0
DA:28989,0
DA:28994,0
DA:29001,0
DA:29006,0
DA:29013,0
DA:29018,0
DA:29025,0
DA:29030,0
DA:29037,0
DA:29042,0
DA:29049,0
DA:29054,0
DA:29061,0
DA:29066,0
DA:29073,0
DA:29078,0
DA:29085,0
DA:29090,0
DA:29097,0
DA:29102,0
DA:29109,0
DA:29114,0
DA:29121,0
DA:29126,0
DA:29127,0
DA:29128,0
DA:29133,0
DA:29138,0
DA:29145,0
DA:29150,0
DA:29157,0
DA:29162,0
DA:29169,0
DA:29174,0
DA:29181,0
DA:29186,0
DA:29193,0
DA:29198,0
DA:29205,0
DA:29210,0
DA:29217,0
DA:29222,0
DA:29229,0
DA:29234,0
DA:29241,0
DA:29246,0
DA:29253,0
DA:29258,0
DA:29265,0
DA:29270,0
DA:29277,0
DA:29282,0
DA:29289,0
DA:29294,0
DA:29301,0
DA:29306,0
DA:29313,0
DA:29318,0
DA:29325,0
DA:29330,0
DA:29337,0
DA:29342,0
DA:29349,0
DA:29354,0
DA:29361,0
DA:29366,0
DA:29373,0
DA:29378,0
DA:29385,0
DA:29390,0
DA:29397,0
DA:29402,0
DA:29409,0
DA:29414,0
DA:29421,0
DA:29426,0
DA:29427,0
DA:29428,0
DA:29433,0
DA:29438,0
DA:29445,0
DA:29450,0
DA:29457,0
DA:29462,0
DA:29469,0
DA:29474,0
DA:29481,0
DA:29486,0
DA:29493,0
DA:29498,0
DA:29505,0
DA:29510,0
DA:29517,0
DA:29522,0
DA:29529,0
DA:29534,0
DA:29541,0
DA:29546,0
DA:29553,0
DA:29558,0
DA:29565,0
DA:29570,0
DA:29577,0
DA:29582,0
DA:29589,0
DA:29594,0
DA:29601,0
DA:29606,0
DA:29613,0
DA:29618,0
DA:29619,0
DA:29620,0
DA:29625,0
DA:29630,0
DA:29637,0
DA:29642,0
DA:29649,0
DA:29654,0
DA:29661,0
DA:29666,0
DA:29667,0
DA:29668,0
DA:29673,0
DA:29678,0
DA:29685,0
DA:29690,0
DA:29697,0
DA:29702,0
DA:29709,0
DA:29714,0
DA:29721,0
DA:29726,0
DA:29727,0
DA:29728,0
DA:29733,0
DA:29738,0
DA:29745,0
DA:29750,0
DA:29757,0
DA:29762,0
DA:29763,0
DA:29764,0
DA:29769,0
DA:29774,0
DA:29781,0
DA:29786,0
DA:29793,0
DA:29798,0
DA:29805,0
DA:29810,0
DA:29817,0
DA:29822,0
DA:29829,0
DA:29834,0
DA:29841,0
DA:29846,0
DA:29853,0
DA:29858,0
DA:29865,0
DA:29870,0
DA:29877,0
DA:29882,0
DA:29889,0
DA:29894,0
DA:29901,0
DA:29906,0
DA:29907,0
DA:29908,0
DA:29913,0
DA:29918,0
DA:29925,0
DA:29930,0
DA:29937,0
DA:29942,0
DA:29949,0
DA:29954,0
DA:29961,0
DA:29966,0
DA:29973,0
DA:29978,0
DA:29985,0
DA:29990,0
DA:29997,0
DA:30002,0
DA:30009,0
DA:30014,0
DA:30021,0
DA:30026,0
DA:30033,0
DA:30038,0
DA:30045,0
DA:30050,0
DA:30057,0
DA:30062,0
DA:30069,0
DA:30074,0
DA:30081,0
DA:30086,0
DA:30087,0
DA:30088,0
DA:30093,0
DA:30098,0
DA:30105,0
DA:30110,0
DA:30117,0
DA:30122,0
DA:30129,0
DA:30134,0
DA:30141,0
DA:30146,0
DA:30153,0
DA:30158,0
DA:30159,0
DA:30160,0
DA:30165,0
DA:30170,0
DA:30177,0
DA:30182,0
DA:30189,0
DA:30194,0
DA:30201,0
DA:30206,0
DA:30213,0
DA:30218,0
DA:30225,0
DA:30230,0
DA:30231,0
DA:30232,0
DA:30237,0
DA:30242,0
DA:30249,0
DA:30254,0
DA:30261,0
DA:30266,0
DA:30273,0
DA:30278,0
DA:30285,0
DA:30290,0
DA:30297,0
DA:30302,0
DA:30303,0
DA:30304,0
DA:30309,0
DA:30314,0
DA:30321,0
DA:30326,0
DA:30333,0
DA:30338,0
DA:30345,0
DA:30350,0
DA:30357,0
DA:30362,0
DA:30369,0
DA:30374,0
DA:30375,0
DA:30376,0
DA:30381,0
DA:30386,0
DA:30393,0
DA:30398,0
DA:30405,0
DA:30410,0
DA:30417,0
DA:30422,0
DA:30429,0
DA:30434,0
DA:30441,0
DA:30446,0
DA:30447,0
DA:30448,0
DA:30453,0
DA:30458,0
DA:30465,0
DA:30470,0
DA:30477,0
DA:30482,0
DA:30483,0
DA:30484,0
DA:30489,0
DA:30494,0
DA:30501,0
DA:30506,0
DA:30513,0
DA:30518,0
DA:30525,0
DA:30530,0
DA:30537,0
DA:30542,0
DA:30549,0
DA:30554,0
DA:30561,0
DA:30566,0
DA:30573,0
DA:30578,0
DA:30585,0
DA:30590,0
DA:30597,0
DA:30602,0
DA:30609,0
DA:30614,0
DA:30621,0
DA:30626,0
DA:30633,0
DA:30638,0
DA:30645,0
DA:30650,0
DA:30657,0
DA:30662,0
DA:30669,0
DA:30674,0
DA:30681,0
DA:30686,0
DA:30693,0
DA:30705,0
DA:30717,0
DA:30722,0
DA:30729,0
DA:30734,0
DA:30741,0
DA:30746,0
DA:30753,0
DA:30758,0
DA:30759,0
DA:30760,0
DA:30765,0
DA:30770,0
DA:30777,0
DA:30782,0
DA:30789,0
DA:30794,0
DA:30801,0
DA:30806,0
DA:30813,0
DA:30818,0
DA:30825,0
DA:30837,0
DA:30849,0
DA:30854,0
DA:30861,0
DA:30866,0
DA:30873,0
DA:30878,0
DA:30885,0
DA:30890,0
DA:30897,0
DA:30902,0
DA:30909,0
DA:30914,0
DA:30921,0
DA:30926,0
DA:30933,0
DA:30938,0
DA:30945,0
DA:30950,0
DA:30957,0
DA:30962,0
DA:30969,0
DA:30974,0
DA:30975,0
DA:30976,0
DA:30981,0
DA:30986,0
DA:30993,0
DA:30998,0
DA:31005,0
DA:31010,0
DA:31017,0
DA:31022,0
DA:31029,0
DA:31034,0
DA:31041,0
DA:31046,0
DA:31053,0
DA:31058,0
DA:31065,0
DA:31070,0
DA:31071,0
DA:31072,0
DA:31077,0
DA:31082,0
DA:31089,0
DA:31094,0
DA:31101,0
DA:31106,0
DA:31113,0
DA:31118,0
DA:31125,0
DA:31130,0
DA:31137,0
DA:31142,0
DA:31149,0
DA:31154,0
DA:31161,0
DA:31166,0
DA:31167,0
DA:31168,0
DA:31173,0
DA:31178,0
DA:31185,0
DA:31190,0
DA:31197,0
DA:31202,0
DA:31209,0
DA:31214,0
DA:31221,0
DA:31226,0
DA:31233,0
DA:31238,0
DA:31245,0
DA:31250,0
DA:31257,0
DA:31262,0
DA:31269,0
DA:31274,0
DA:31281,0
DA:31286,0
DA:31293,0
DA:31298,0
DA:31305,0
DA:31310,0
DA:31317,0
DA:31322,0
DA:31323,0
DA:31324,0
DA:31329,0
DA:31334,0
DA:31341,0
DA:31346,0
DA:31353,0
DA:31358,0
DA:31365,0
DA:31370,0
DA:31377,0
DA:31382,0
DA:31389,0
DA:31394,0
DA:31401,0
DA:31406,0
DA:31407,0
DA:31408,0
DA:31413,0
DA:31418,0
DA:31425,0
DA:31430,0
DA:31437,0
DA:31442,0
DA:31449,0
DA:31454,0
DA:31461,0
DA:31466,0
DA:31473,0
DA:31478,0
DA:31479,0
DA:31480,0
DA:31485,0
DA:31490,0
DA:31497,0
DA:31502,0
DA:31509,0
DA:31514,0
DA:31521,0
DA:31526,0
DA:31533,0
DA:31538,0
DA:31545,0
DA:31550,0
DA:31551,0
DA:31552,0
DA:31557,0
DA:31562,0
DA:31569,0
DA:31574,0
DA:31581,0
DA:31586,0
DA:31593,0
DA:31598,0
DA:31605,0
DA:31610,0
DA:31617,0
DA:31622,0
DA:31629,0
DA:31634,0
DA:31635,0
DA:31636,0
DA:31641,0
DA:31646,0
DA:31653,0
DA:31658,0
DA:31659,0
DA:31660,0
DA:31665,0
DA:31670,0
DA:31677,0
DA:31682,0
DA:31689,0
DA:31694,0
DA:31701,0
DA:31706,0
DA:31713,0
DA:31718,0
DA:31725,0
DA:31730,0
DA:31737,0
DA:31742,0
DA:31749,0
DA:31754,0
DA:31761,0
DA:31766,0
DA:31767,0
DA:31768,0
DA:31773,0
DA:31778,0
DA:31785,0
DA:31790,0
DA:31797,0
DA:31802,0
DA:31809,0
DA:31814,0
DA:31821,0
DA:31826,0
DA:31827,0
DA:31828,0
DA:31833,0
DA:31838,0
DA:31845,0
DA:31850,0
DA:31857,0
DA:31862,0
DA:31869,0
DA:31874,0
DA:31881,0
DA:31886,0
DA:31893,0
DA:31898,0
DA:31899,0
DA:31900,0
DA:31905,0
DA:31910,0
DA:31917,0
DA:31922,0
DA:31929,0
DA:31934,0
DA:31935,0
DA:31936,0
DA:31941,0
DA:31946,0
DA:31953,0
DA:31958,0
DA:31965,0
DA:31970,0
DA:31977,0
DA:31982,0
DA:31989,0
DA:31994,0
DA:32001,0
DA:32006,0
DA:32013,0
DA:32018,0
DA:32025,0
DA:32030,0
DA:32037,0
DA:32042,0
DA:32049,0
DA:32054,0
DA:32061,0
DA:32066,0
DA:32073,0
DA:32078,0
DA:32085,0
DA:32090,0
DA:32091,0
DA:32092,0
DA:32097,0
DA:32102,0
DA:32109,0
DA:32114,0
DA:32121,0
DA:32126,0
DA:32133,0
DA:32138,0
DA:32145,0
DA:32150,0
DA:32157,0
DA:32162,0
DA:32169,0
DA:32174,0
DA:32181,0
DA:32186,0
DA:32193,0
DA:32198,0
DA:32205,0
DA:32210,0
DA:32217,0
DA:32222,0
DA:32229,0
DA:32234,0
DA:32241,0
DA:32246,0
DA:32253,0
DA:32258,0
DA:32265,0
DA:32270,0
DA:32277,0
DA:32282,0
DA:32283,0
DA:32284,0
DA:32289,0
DA:32294,0
DA:32301,0
DA:32306,0
DA:32313,0
DA:32318,0
DA:32325,0
DA:32330,0
DA:32337,0
DA:32342,0
DA:32349,0
DA:32354,0
DA:32361,0
DA:32366,0
DA:32373,0
DA:32378,0
DA:32385,0
DA:32390,0
DA:32397,0
DA:32402,0
DA:32409,0
DA:32414,0
DA:32421,0
DA:32426,0
DA:32433,0
DA:32438,0
DA:32445,0
DA:32450,0
DA:32457,0
DA:32462,0
DA:32469,0
DA:32474,0
DA:32481,0
DA:32486,0
DA:32493,0
DA:32498,0
DA:32499,0
DA:32500,0
DA:32505,0
DA:32510,0
DA:32517,0
DA:32522,0
DA:32529,0
DA:32534,0
DA:32541,0
DA:32546,0
DA:32553,0
DA:32558,0
DA:32565,0
DA:32570,0
DA:32577,0
DA:32582,0
DA:32589,0
DA:32594,0
DA:32601,0
DA:32606,0
DA:32613,0
DA:32618,0
DA:32625,0
DA:32630,0
DA:32637,0
DA:32642,0
DA:32649,0
DA:32654,0
DA:32661,0
DA:32666,0
DA:32673,0
DA:32678,0
DA:32685,0
DA:32690,0
DA:32691,0
DA:32692,0
DA:32697,0
DA:32702,0
DA:32709,0
DA:32714,0
DA:32721,0
DA:32726,0
DA:32733,0
DA:32738,0
DA:32745,0
DA:32750,0
DA:32757,0
DA:32762,0
DA:32769,0
DA:32774,0
DA:32775,0
DA:32776,0
DA:32781,0
DA:32786,0
DA:32793,0
DA:32798,0
DA:32805,0
DA:32810,0
DA:32817,0
DA:32822,0
DA:32823,0
DA:32824,0
DA:32829,0
DA:32834,0
DA:32841,0
DA:32846,0
DA:32853,0
DA:32858,0
DA:32859,0
DA:32860,0
DA:32865,0
DA:32870,0
DA:32877,0
DA:32882,0
DA:32889,0
DA:32894,0
DA:32901,0
DA:32906,0
DA:32913,0
DA:32918,0
DA:32925,0
DA:32930,0
DA:32931,0
DA:32932,0
DA:32937,0
DA:32942,0
DA:32949,0
DA:32954,0
DA:32961,0
DA:32966,0
DA:32967,0
DA:32968,0
DA:32973,0
DA:32978,0
DA:32985,0
DA:32990,0
DA:32997,0
DA:33002,0
DA:33009,0
DA:33014,0
DA:33015,0
DA:33016,0
DA:33021,0
DA:33026,0
DA:33033,0
DA:33038,0
DA:33045,0
DA:33050,0
DA:33057,0
DA:33062,0
DA:33069,0
DA:33074,0
DA:33075,0
DA:33076,0
DA:33081,0
DA:33086,0
DA:33093,0
DA:33098,0
DA:33105,0
DA:33110,0
DA:33117,0
DA:33122,0
DA:33129,0
DA:33134,0
DA:33141,0
DA:33146,0
DA:33153,0
DA:33158,0
DA:33165,0
DA:33170,0
DA:33177,0
DA:33182,0
DA:33189,0
DA:33194,0
DA:33201,0
DA:33206,0
DA:33213,0
DA:33218,0
DA:33225,0
DA:33230,0
DA:33231,0
DA:33232,0
DA:33237,0
DA:33242,0
DA:33249,0
DA:33254,0
DA:33261,0
DA:33266,0
DA:33273,0
DA:33278,0
DA:33285,0
DA:33290,0
DA:33297,0
DA:33302,0
DA:33309,0
DA:33314,0
DA:33321,0
DA:33326,0
DA:33333,0
DA:33338,0
DA:33345,0
DA:33350,0
DA:33357,0
DA:33362,0
DA:33369,0
DA:33374,0
DA:33381,0
DA:33386,0
DA:33393,0
DA:33398,0
DA:33405,0
DA:33410,0
DA:33417,0
DA:33422,0
DA:33429,0
DA:33434,0
DA:33441,0
DA:33446,0
DA:33453,0
DA:33458,0
DA:33465,0
DA:33470,0
DA:33477,0
DA:33482,0
DA:33489,0
DA:33494,0
DA:33501,0
DA:33506,0
DA:33513,0
DA:33518,0
DA:33525,0
DA:33530,0
DA:33537,0
DA:33542,0
DA:33549,0
DA:33554,0
DA:33561,0
DA:33566,0
DA:33573,0
DA:33578,0
DA:33585,0
DA:33590,0
DA:33597,0
DA:33602,0
DA:33609,0
DA:33614,0
DA:33621,0
DA:33626,0
DA:33633,0
DA:33638,0
DA:33645,0
DA:33650,0
DA:33657,0
DA:33662,0
DA:33669,0
DA:33674,0
DA:33681,0
DA:33686,0
DA:33693,0
DA:33698,0
DA:33705,0
DA:33710,0
DA:33717,0
DA:33722,0
DA:33729,0
DA:33734,0
DA:33741,0
DA:33746,0
DA:33753,0
DA:33758,0
DA:33765,0
DA:33770,0
DA:33777,0
DA:33782,0
DA:33789,0
DA:33794,0
DA:33801,0
DA:33806,0
DA:33807,0
DA:33808,0
DA:33813,0
DA:33818,0
DA:33825,0
DA:33830,0
DA:33837,0
DA:33842,0
DA:33849,0
DA:33854,0
DA:33861,0
DA:33866,0
DA:33873,0
DA:33878,0
DA:33885,0
DA:33890,0
DA:33897,0
DA:33902,0
DA:33909,0
DA:33914,0
DA:33921,0
DA:33926,0
DA:33933,0
DA:33938,0
DA:33945,0
DA:33950,0
DA:33957,0
DA:33962,0
DA:33969,0
DA:33974,0
DA:33981,0
DA:33986,0
DA:33993,0
DA:33998,0
DA:34005,0
DA:34010,0
DA:34017,0
DA:34022,0
DA:34029,0
DA:34041,0
DA:34046,0
DA:34047,0
DA:34048,0
DA:34053,0
DA:34058,0
DA:34065,0
DA:34077,0
DA:34082,0
DA:34089,0
DA:34094,0
DA:34101,0
DA:34106,0
DA:34113,0
DA:34118,0
DA:34125,0
DA:34130,0
DA:34137,0
DA:34142,0
DA:34149,0
DA:34154,0
DA:34161,0
DA:34166,0
DA:34173,0
DA:34178,0
DA:34185,0
DA:34190,0
DA:34197,0
DA:34202,0
DA:34209,0
DA:34214,0
DA:34221,0
DA:34226,0
DA:34233,0
DA:34238,0
DA:34239,0
DA:34240,0
DA:34245,0
DA:34250,0
DA:34257,0
DA:34262,0
DA:34269,0
DA:34274,0
DA:34281,0
DA:34286,0
DA:34293,0
DA:34298,0
DA:34305,0
DA:34310,0
DA:34317,0
DA:34322,0
DA:34329,0
DA:34334,0
DA:34341,0
DA:34346,0
DA:34353,0
DA:34358,0
DA:34365,0
DA:34370,0
DA:34371,0
DA:34372,0
DA:34377,0
DA:34382,0
DA:34383,0
DA:34384,0
DA:34389,0
DA:34394,0
DA:34401,0
DA:34406,0
DA:34413,0
DA:34418,0
DA:34425,0
DA:34430,0
DA:34431,0
DA:34432,0
DA:34437,0
DA:34442,0
DA:34449,0
DA:34454,0
DA:34461,0
DA:34466,0
DA:34473,0
DA:34478,0
DA:34485,0
DA:34490,0
DA:34497,0
DA:34502,0
DA:34509,0
DA:34514,0
DA:34521,0
DA:34526,0
DA:34533,0
DA:34538,0
DA:34545,0
DA:34550,0
DA:34557,0
DA:34562,0
DA:34569,0
DA:34574,0
DA:34581,0
DA:34586,0
DA:34593,0
DA:34598,0
DA:34605,0
DA:34610,0
DA:34617,0
DA:34622,0
DA:34629,0
DA:34634,0
DA:34641,0
DA:34646,0
DA:34653,0
DA:34658,0
DA:34665,0
DA:34670,0
DA:34677,0
DA:34682,0
DA:34689,0
DA:34694,0
DA:34701,0
DA:34706,0
DA:34713,0
DA:34718,0
DA:34725,0
DA:34730,0
DA:34737,0
DA:34742,0
DA:34749,0
DA:34754,0
DA:34761,0
DA:34766,0
DA:34773,0
DA:34778,0
DA:34785,0
DA:34790,0
DA:34797,0
DA:34802,0
DA:34803,0
DA:34804,0
DA:34809,0
DA:34814,0
DA:34821,0
DA:34826,0
DA:34833,0
DA:34838,0
DA:34845,0
DA:34850,0
DA:34857,0
DA:34862,0
DA:34869,0
DA:34874,0
DA:34881,0
DA:34886,0
DA:34893,0
DA:34898,0
DA:34899,0
DA:34900,0
DA:34905,0
DA:34910,0
DA:34917,0
DA:34922,0
DA:34923,0
DA:34924,0
DA:34929,0
DA:34934,0
DA:34941,0
DA:34946,0
DA:34953,0
DA:34958,0
DA:34965,0
DA:34970,0
DA:34977,0
DA:34982,0
DA:34989,0
DA:34994,0
DA:35001,0
DA:35006,0
DA:35013,0
DA:35018,0
DA:35025,0
DA:35030,0
DA:35037,0
DA:35042,0
DA:35049,0
DA:35054,0
DA:35061,0
DA:35066,0
DA:35073,0
DA:35078,0
DA:35079,0
DA:35080,0
DA:35085,0
DA:35090,0
DA:35097,0
DA:35102,0
DA:35109,0
DA:35114,0
DA:35121,0
DA:35126,0
DA:35133,0
DA:35138,0
DA:35145,0
DA:35150,0
DA:35157,0
DA:35162,0
DA:35169,0
DA:35174,0
DA:35181,0
DA:35186,0
DA:35187,0
DA:35188,0
DA:35193,0
DA:35198,0
DA:35199,0
DA:35200,0
DA:35205,0
DA:35210,0
DA:35217,0
DA:35222,0
DA:35229,0
DA:35234,0
DA:35241,0
DA:35246,0
DA:35247,0
DA:35248,0
DA:35253,0
DA:35258,0
DA:35265,0
DA:35270,0
DA:35277,0
DA:35282,0
DA:35289,0
DA:35294,0
DA:35301,0
DA:35306,0
DA:35313,0
DA:35318,0
DA:35325,0
DA:35330,0
DA:35337,0
DA:35342,0
DA:35349,0
DA:35354,0
DA:35361,0
DA:35366,0
DA:35373,0
DA:35378,0
DA:35385,0
DA:35390,0
DA:35397,0
DA:35402,0
DA:35403,0
DA:35404,0
DA:35409,0
DA:35414,0
DA:35421,0
DA:35426,0
DA:35433,0
DA:35438,0
DA:35445,0
DA:35450,0
DA:35457,0
DA:35462,0
DA:35469,0
DA:35474,0
DA:35481,0
DA:35493,0
DA:35505,0
DA:35517,0
DA:35529,0
DA:35541,0
DA:35553,0
DA:35565,0
DA:35577,0
DA:35589,0
DA:35601,0
DA:35613,0
DA:35625,0
DA:35637,0
DA:35649,0
DA:35661,0
DA:35673,0
DA:35685,0
DA:35697,0
DA:35709,0
DA:35721,0
DA:35726,0
DA:35733,0
DA:35738,0
DA:35746,0
DA:35847,0
DA:35851,0
DA:35854,0
DA:35856,0
DA:35858,0
DA:35861,0
DA:35864,0
DA:35869,0
DA:35872,0
DA:35875,0
DA:35878,0
DA:35880,0
DA:35882,0
DA:35890,0
DA:35892,0
DA:35896,0
DA:35899,0
DA:35901,0
DA:35903,0
DA:35906,0
DA:35908,0
DA:35910,0
DA:35912,0
DA:35914,0
DA:35916,0
DA:35918,0
DA:35920,0
DA:35922,0
DA:35924,0
DA:35926,0
DA:35928,0
DA:35930,0
DA:35932,0
DA:35934,0
DA:35936,0
DA:35938,0
DA:35940,0
DA:35942,0
DA:35944,0
DA:35946,0
DA:35952,0
DA:35954,0
DA:35958,0
DA:35961,0
DA:35965,0
DA:35967,0
DA:35969,0
DA:35974,0
DA:35979,0
DA:35982,0
DA:35987,0
DA:35991,0
DA:35994,0
DA:35997,0
DA:36002,0
DA:36008,0
DA:36010,0
DA:36014,0
DA:36015,0
DA:36016,0
DA:36017,0
DA:36018,0
DA:36019,0
DA:36020,0
DA:36021,0
DA:36022,0
DA:36023,0
DA:36024,0
DA:36025,0
DA:36026,0
DA:36027,0
DA:36028,0
DA:36029,0
DA:36030,0
DA:36031,0
DA:36032,0
DA:36033,0
DA:36034,0
DA:36035,0
DA:36036,0
DA:36037,0
DA:36038,0
DA:36039,0
DA:36040,0
DA:36041,0
DA:36042,0
DA:36043,0
DA:36044,0
DA:36045,0
DA:36046,0
DA:36047,0
DA:36048,0
DA:36049,0
DA:36050,0
DA:36051,0
DA:36052,0
DA:36053,0
DA:36054,0
DA:36055,0
DA:36056,0
DA:36057,0
DA:36058,0
DA:36059,0
DA:36060,0
DA:36061,0
DA:36062,0
DA:36063,0
DA:36064,0
DA:36065,0
DA:36066,0
DA:36067,0
DA:36068,0
DA:36069,0
DA:36070,0
DA:36071,0
DA:36072,0
DA:36073,0
DA:36074,0
DA:36075,0
DA:36076,0
DA:36077,0
DA:36078,0
DA:36079,0
DA:36080,0
DA:36081,0
DA:36082,0
DA:36083,0
DA:36084,0
DA:36085,0
DA:36086,0
DA:36087,0
DA:36088,0
DA:36089,0
DA:36090,0
DA:36091,0
DA:36092,0
DA:36093,0
DA:36094,0
DA:36095,0
DA:36096,0
DA:36097,0
DA:36098,0
DA:36099,0
DA:36100,0
DA:36101,0
DA:36102,0
DA:36103,0
DA:36104,0
DA:36105,0
DA:36106,0
DA:36107,0
DA:36108,0
DA:36109,0
DA:36110,0
DA:36111,0
DA:36112,0
DA:36113,0
DA:36114,0
DA:36115,0
DA:36116,0
DA:36117,0
DA:36118,0
DA:36119,0
DA:36120,0
DA:36121,0
DA:36122,0
DA:36123,0
DA:36124,0
DA:36125,0
DA:36126,0
DA:36127,0
DA:36128,0
DA:36129,0
DA:36130,0
DA:36131,0
DA:36132,0
DA:36133,0
DA:36134,0
DA:36135,0
DA:36136,0
DA:36137,0
DA:36138,0
DA:36139,0
DA:36140,0
DA:36141,0
DA:36142,0
DA:36143,0
DA:36144,0
DA:36145,0
DA:36146,0
DA:36147,0
DA:36148,0
DA:36149,0
DA:36150,0
DA:36151,0
DA:36152,0
DA:36153,0
DA:36154,0
DA:36155,0
DA:36156,0
DA:36157,0
DA:36158,0
DA:36159,0
DA:36160,0
DA:36161,0
DA:36162,0
DA:36163,0
DA:36164,0
DA:36165,0
DA:36166,0
DA:36167,0
DA:36168,0
DA:36169,0
DA:36170,0
DA:36171,0
DA:36172,0
DA:36173,0
DA:36174,0
DA:36175,0
DA:36176,0
DA:36177,0
DA:36178,0
DA:36179,0
DA:36180,0
DA:36181,0
DA:36182,0
DA:36183,0
DA:36184,0
DA:36185,0
DA:36186,0
DA:36187,0
DA:36188,0
DA:36189,0
DA:36190,0
DA:36191,0
DA:36192,0
DA:36193,0
DA:36194,0
DA:36195,0
DA:36196,0
DA:36197,0
DA:36198,0
DA:36199,0
DA:36200,0
DA:36201,0
DA:36202,0
DA:36203,0
DA:36204,0
DA:36205,0
DA:36206,0
DA:36207,0
DA:36208,0
DA:36209,0
DA:36210,0
DA:36211,0
DA:36212,0
DA:36213,0
DA:36214,0
DA:36215,0
DA:36216,0
DA:36217,0
DA:36218,0
DA:36219,0
DA:36220,0
DA:36221,0
DA:36222,0
DA:36223,0
DA:36224,0
DA:36225,0
DA:36226,0
DA:36227,0
DA:36228,0
DA:36229,0
DA:36230,0
DA:36231,0
DA:36232,0
DA:36233,0
DA:36234,0
DA:36235,0
DA:36236,0
DA:36237,0
DA:36238,0
DA:36239,0
DA:36240,0
DA:36241,0
DA:36242,0
DA:36243,0
DA:36244,0
DA:36245,0
DA:36246,0
DA:36247,0
DA:36248,0
DA:36249,0
DA:36250,0
DA:36251,0
DA:36252,0
DA:36253,0
DA:36254,0
DA:36255,0
DA:36256,0
DA:36257,0
DA:36258,0
DA:36259,0
DA:36260,0
DA:36261,0
DA:36262,0
DA:36263,0
DA:36264,0
DA:36265,0
DA:36266,0
DA:36267,0
DA:36268,0
DA:36269,0
DA:36270,0
DA:36271,0
DA:36272,0
DA:36273,0
DA:36274,0
DA:36275,0
DA:36276,0
DA:36277,0
DA:36278,0
DA:36279,0
DA:36280,0
DA:36281,0
DA:36282,0
DA:36283,0
DA:36284,0
DA:36285,0
DA:36286,0
DA:36287,0
DA:36288,0
DA:36289,0
DA:36290,0
DA:36291,0
DA:36292,0
DA:36293,0
DA:36294,0
DA:36295,0
DA:36296,0
DA:36297,0
DA:36298,0
DA:36299,0
DA:36300,0
DA:36301,0
DA:36302,0
DA:36303,0
DA:36304,0
DA:36305,0
DA:36306,0
DA:36307,0
DA:36308,0
DA:36309,0
DA:36310,0
DA:36311,0
DA:36312,0
DA:36313,0
DA:36314,0
DA:36315,0
DA:36316,0
DA:36317,0
DA:36318,0
DA:36319,0
DA:36320,0
DA:36321,0
DA:36322,0
DA:36323,0
DA:36324,0
DA:36325,0
DA:36326,0
DA:36327,0
DA:36328,0
DA:36329,0
DA:36330,0
DA:36331,0
DA:36332,0
DA:36333,0
DA:36334,0
DA:36335,0
DA:36336,0
DA:36337,0
DA:36338,0
DA:36339,0
DA:36340,0
DA:36341,0
DA:36342,0
DA:36343,0
DA:36344,0
DA:36345,0
DA:36346,0
DA:36347,0
DA:36348,0
DA:36349,0
DA:36350,0
DA:36351,0
DA:36352,0
DA:36353,0
DA:36354,0
DA:36355,0
DA:36356,0
DA:36357,0
DA:36358,0
DA:36359,0
DA:36360,0
DA:36361,0
DA:36362,0
DA:36363,0
DA:36364,0
DA:36365,0
DA:36366,0
DA:36367,0
DA:36368,0
DA:36369,0
DA:36370,0
DA:36371,0
DA:36372,0
DA:36373,0
DA:36374,0
DA:36375,0
DA:36376,0
DA:36377,0
DA:36378,0
DA:36379,0
DA:36380,0
DA:36381,0
DA:36382,0
DA:36383,0
DA:36384,0
DA:36385,0
DA:36386,0
DA:36387,0
DA:36388,0
DA:36389,0
DA:36390,0
DA:36391,0
DA:36393,0
DA:36394,0
DA:36395,0
DA:36396,0
DA:36397,0
DA:36398,0
DA:36399,0
DA:36400,0
DA:36401,0
DA:36402,0
DA:36403,0
DA:36404,0
DA:36405,0
DA:36406,0
DA:36407,0
DA:36408,0
DA:36409,0
DA:36410,0
DA:36411,0
DA:36412,0
DA:36413,0
DA:36414,0
DA:36415,0
DA:36416,0
DA:36417,0
DA:36418,0
DA:36419,0
DA:36420,0
DA:36421,0
DA:36422,0
DA:36423,0
DA:36424,0
DA:36425,0
DA:36426,0
DA:36427,0
DA:36428,0
DA:36429,0
DA:36430,0
DA:36431,0
DA:36432,0
DA:36433,0
DA:36434,0
DA:36435,0
DA:36436,0
DA:36437,0
DA:36438,0
DA:36439,0
DA:36440,0
DA:36441,0
DA:36442,0
DA:36443,0
DA:36444,0
DA:36445,0
DA:36446,0
DA:36447,0
DA:36448,0
DA:36449,0
DA:36450,0
DA:36451,0
DA:36452,0
DA:36453,0
DA:36454,0
DA:36455,0
DA:36456,0
DA:36457,0
DA:36458,0
DA:36459,0
DA:36460,0
DA:36461,0
DA:36462,0
DA:36463,0
DA:36464,0
DA:36465,0
DA:36466,0
DA:36467,0
DA:36468,0
DA:36469,0
DA:36470,0
DA:36471,0
DA:36472,0
DA:36473,0
DA:36474,0
DA:36475,0
DA:36476,0
DA:36477,0
DA:36478,0
DA:36479,0
DA:36480,0
DA:36481,0
DA:36482,0
DA:36483,0
DA:36484,0
DA:36485,0
DA:36486,0
DA:36487,0
DA:36488,0
DA:36489,0
DA:36490,0
DA:36491,0
DA:36492,0
DA:36493,0
DA:36494,0
DA:36495,0
DA:36496,0
DA:36497,0
DA:36498,0
DA:36499,0
DA:36500,0
DA:36501,0
DA:36502,0
DA:36503,0
DA:36504,0
DA:36505,0
DA:36506,0
DA:36507,0
DA:36508,0
DA:36509,0
DA:36510,0
DA:36511,0
DA:36512,0
DA:36513,0
DA:36514,0
DA:36515,0
DA:36516,0
DA:36517,0
DA:36518,0
DA:36519,0
DA:36520,0
DA:36521,0
DA:36522,0
DA:36523,0
DA:36524,0
DA:36525,0
DA:36526,0
DA:36527,0
DA:36528,0
DA:36529,0
DA:36530,0
DA:36531,0
DA:36532,0
DA:36533,0
DA:36534,0
DA:36535,0
DA:36536,0
DA:36537,0
DA:36538,0
DA:36539,0
DA:36540,0
DA:36541,0
DA:36542,0
DA:36543,0
DA:36544,0
DA:36545,0
DA:36546,0
DA:36547,0
DA:36548,0
DA:36549,0
DA:36550,0
DA:36551,0
DA:36552,0
DA:36553,0
DA:36554,0
DA:36555,0
DA:36556,0
DA:36557,0
DA:36558,0
DA:36559,0
DA:36560,0
DA:36561,0
DA:36562,0
DA:36563,0
DA:36564,0
DA:36565,0
DA:36566,0
DA:36567,0
DA:36568,0
DA:36569,0
DA:36570,0
DA:36571,0
DA:36572,0
DA:36573,0
DA:36574,0
DA:36575,0
DA:36576,0
DA:36577,0
DA:36578,0
DA:36579,0
DA:36580,0
DA:36581,0
DA:36582,0
DA:36583,0
DA:36584,0
DA:36585,0
DA:36586,0
DA:36587,0
DA:36588,0
DA:36589,0
DA:36590,0
DA:36591,0
DA:36592,0
DA:36593,0
DA:36594,0
DA:36595,0
DA:36596,0
DA:36597,0
DA:36598,0
DA:36599,0
DA:36600,0
DA:36601,0
DA:36602,0
DA:36603,0
DA:36604,0
DA:36605,0
DA:36606,0
DA:36607,0
DA:36608,0
DA:36609,0
DA:36610,0
DA:36611,0
DA:36612,0
DA:36613,0
DA:36614,0
DA:36615,0
DA:36616,0
DA:36617,0
DA:36618,0
DA:36619,0
DA:36620,0
DA:36621,0
DA:36622,0
DA:36623,0
DA:36624,0
DA:36625,0
DA:36626,0
DA:36627,0
DA:36628,0
DA:36629,0
DA:36630,0
DA:36631,0
DA:36632,0
DA:36633,0
DA:36634,0
DA:36635,0
DA:36636,0
DA:36637,0
DA:36638,0
DA:36639,0
DA:36640,0
DA:36641,0
DA:36642,0
DA:36643,0
DA:36644,0
DA:36645,0
DA:36646,0
DA:36647,0
DA:36648,0
DA:36649,0
DA:36650,0
DA:36651,0
DA:36652,0
DA:36653,0
DA:36654,0
DA:36655,0
DA:36656,0
DA:36657,0
DA:36658,0
DA:36659,0
DA:36660,0
DA:36661,0
DA:36662,0
DA:36663,0
DA:36664,0
DA:36665,0
DA:36666,0
DA:36667,0
DA:36668,0
DA:36669,0
DA:36670,0
DA:36671,0
DA:36672,0
DA:36673,0
DA:36674,0
DA:36675,0
DA:36676,0
DA:36677,0
DA:36678,0
DA:36679,0
DA:36680,0
DA:36681,0
DA:36682,0
DA:36683,0
DA:36684,0
DA:36685,0
DA:36686,0
DA:36687,0
DA:36688,0
DA:36689,0
DA:36690,0
DA:36691,0
DA:36692,0
DA:36693,0
DA:36694,0
DA:36695,0
DA:36696,0
DA:36697,0
DA:36698,0
DA:36699,0
DA:36700,0
DA:36701,0
DA:36702,0
DA:36703,0
DA:36704,0
DA:36705,0
DA:36706,0
DA:36707,0
DA:36708,0
DA:36709,0
DA:36710,0
DA:36711,0
DA:36712,0
DA:36713,0
DA:36714,0
DA:36715,0
DA:36716,0
DA:36717,0
DA:36718,0
DA:36719,0
DA:36720,0
DA:36721,0
DA:36722,0
DA:36723,0
DA:36724,0
DA:36725,0
DA:36726,0
DA:36727,0
DA:36728,0
DA:36729,0
DA:36730,0
DA:36731,0
DA:36732,0
DA:36733,0
DA:36734,0
DA:36735,0
DA:36736,0
DA:36737,0
DA:36738,0
DA:36739,0
DA:36740,0
DA:36741,0
DA:36742,0
DA:36743,0
DA:36744,0
DA:36745,0
DA:36746,0
DA:36747,0
DA:36748,0
DA:36749,0
DA:36750,0
DA:36751,0
DA:36752,0
DA:36753,0
DA:36754,0
DA:36755,0
DA:36756,0
DA:36757,0
DA:36758,0
DA:36759,0
DA:36760,0
DA:36761,0
DA:36763,0
DA:36764,0
DA:36766,0
DA:36770,0
DA:36771,0
DA:36774,0
DA:36776,0
DA:36780,0
DA:36781,0
DA:36784,0
DA:36786,0
DA:36790,0
DA:36791,0
DA:36794,0
DA:36796,0
DA:36800,0
DA:36801,0
DA:36804,0
DA:36806,0
DA:36810,0
DA:36811,0
DA:36814,0
DA:36816,0
DA:36820,0
DA:36821,0
DA:36824,0
DA:36826,0
DA:36830,0
DA:36831,0
DA:36834,0
DA:36836,0
DA:36840,0
DA:36841,0
DA:36844,0
DA:36846,0
DA:36849,0
DA:36850,0
DA:36853,0
DA:36855,0
DA:36859,0
DA:36860,0
DA:36863,0
DA:36865,0
DA:36869,0
DA:36870,0
DA:36873,0
DA:36875,0
DA:36879,0
DA:36880,0
DA:36883,0
DA:36885,0
DA:36889,0
DA:36890,0
DA:36893,0
DA:36895,0
DA:36899,0
DA:36900,0
DA:36903,0
DA:36905,0
DA:36909,0
DA:36910,0
DA:36913,0
DA:36915,0
DA:36919,0
DA:36920,0
DA:36923,0
DA:36925,0
DA:36929,0
DA:36930,0
DA:36933,0
DA:36935,0
DA:36939,0
DA:36940,0
DA:36943,0
DA:36945,0
DA:36949,0
DA:36950,0
DA:36953,0
DA:36955,0
DA:36959,0
DA:36960,0
DA:36963,0
DA:36965,0
DA:36969,0
DA:36970,0
DA:36973,0
DA:36975,0
DA:36979,0
DA:36980,0
DA:36983,0
DA:36985,0
DA:36989,0
DA:36990,0
DA:36993,0
DA:36995,0
DA:36999,0
DA:37000,0
DA:37003,0
DA:37005,0
DA:37009,0
DA:37010,0
DA:37013,0
DA:37015,0
DA:37019,0
DA:37020,0
DA:37023,0
DA:37025,0
DA:37029,0
DA:37030,0
DA:37033,0
DA:37035,0
DA:37039,0
DA:37040,0
DA:37043,0
DA:37045,0
DA:37049,0
DA:37050,0
DA:37053,0
DA:37055,0
DA:37059,0
DA:37060,0
DA:37063,0
DA:37065,0
DA:37069,0
DA:37070,0
DA:37073,0
DA:37075,0
DA:37079,0
DA:37080,0
DA:37083,0
DA:37085,0
DA:37089,0
DA:37090,0
DA:37093,0
DA:37095,0
DA:37099,0
DA:37100,0
DA:37103,0
DA:37105,0
DA:37109,0
DA:37110,0
DA:37113,0
DA:37115,0
DA:37119,0
DA:37120,0
DA:37123,0
DA:37125,0
DA:37129,0
DA:37130,0
DA:37133,0
DA:37135,0
DA:37139,0
DA:37140,0
DA:37143,0
DA:37145,0
DA:37149,0
DA:37150,0
DA:37153,0
DA:37155,0
DA:37159,0
DA:37160,0
DA:37163,0
DA:37165,0
DA:37169,0
DA:37170,0
DA:37173,0
DA:37175,0
DA:37179,0
DA:37180,0
DA:37183,0
DA:37185,0
DA:37189,0
DA:37190,0
DA:37193,0
DA:37195,0
DA:37199,0
DA:37200,0
DA:37203,0
DA:37205,0
DA:37209,0
DA:37210,0
DA:37213,0
DA:37215,0
DA:37219,0
DA:37220,0
DA:37223,0
DA:37225,0
DA:37229,0
DA:37230,0
DA:37233,0
DA:37235,0
DA:37239,0
DA:37240,0
DA:37243,0
DA:37245,0
DA:37249,0
DA:37250,0
DA:37253,0
DA:37255,0
DA:37259,0
DA:37260,0
DA:37263,0
DA:37265,0
DA:37269,0
DA:37270,0
DA:37273,0
DA:37275,0
DA:37279,0
DA:37280,0
DA:37283,0
DA:37285,0
DA:37289,0
DA:37290,0
DA:37293,0
DA:37295,0
DA:37299,0
DA:37300,0
DA:37303,0
DA:37305,0
DA:37309,0
DA:37310,0
DA:37313,0
DA:37315,0
DA:37319,0
DA:37320,0
DA:37323,0
DA:37325,0
DA:37329,0
DA:37330,0
DA:37333,0
DA:37335,0
DA:37339,0
DA:37340,0
DA:37343,0
DA:37345,0
DA:37349,0
DA:37350,0
DA:37353,0
DA:37355,0
DA:37359,0
DA:37360,0
DA:37363,0
DA:37365,0
DA:37369,0
DA:37370,0
DA:37373,0
DA:37375,0
DA:37379,0
DA:37380,0
DA:37383,0
DA:37385,0
DA:37389,0
DA:37390,0
DA:37393,0
DA:37395,0
DA:37399,0
DA:37400,0
DA:37403,0
DA:37405,0
DA:37409,0
DA:37410,0
DA:37413,0
DA:37415,0
DA:37419,0
DA:37420,0
DA:37423,0
DA:37425,0
DA:37429,0
DA:37430,0
DA:37433,0
DA:37435,0
DA:37439,0
DA:37440,0
DA:37443,0
DA:37445,0
DA:37449,0
DA:37450,0
DA:37453,0
DA:37455,0
DA:37459,0
DA:37460,0
DA:37463,0
DA:37465,0
DA:37469,0
DA:37470,0
DA:37473,0
DA:37475,0
DA:37479,0
DA:37480,0
DA:37483,0
DA:37485,0
DA:37489,0
DA:37490,0
DA:37493,0
DA:37495,0
DA:37499,0
DA:37500,0
DA:37503,0
DA:37505,0
DA:37509,0
DA:37510,0
DA:37513,0
DA:37515,0
DA:37519,0
DA:37520,0
DA:37523,0
DA:37525,0
DA:37529,0
DA:37530,0
DA:37533,0
DA:37535,0
DA:37539,0
DA:37540,0
DA:37543,0
DA:37545,0
DA:37549,0
DA:37550,0
DA:37553,0
DA:37555,0
DA:37559,0
DA:37560,0
DA:37563,0
DA:37565,0
DA:37569,0
DA:37570,0
DA:37573,0
DA:37575,0
DA:37579,0
DA:37580,0
DA:37583,0
DA:37585,0
DA:37589,0
DA:37590,0
DA:37593,0
DA:37595,0
DA:37599,0
DA:37600,0
DA:37603,0
DA:37605,0
DA:37609,0
DA:37610,0
DA:37613,0
DA:37615,0
DA:37619,0
DA:37620,0
DA:37623,0
DA:37625,0
DA:37629,0
DA:37630,0
DA:37633,0
DA:37635,0
DA:37639,0
DA:37640,0
DA:37643,0
DA:37645,0
DA:37649,0
DA:37650,0
DA:37653,0
DA:37655,0
DA:37659,0
DA:37660,0
DA:37663,0
DA:37665,0
DA:37669,0
DA:37670,0
DA:37673,0
DA:37675,0
DA:37679,0
DA:37680,0
DA:37683,0
DA:37685,0
DA:37688,0
DA:37689,0
DA:37692,0
DA:37694,0
DA:37697,0
DA:37698,0
DA:37702,0
DA:37707,0
DA:37708,0
LF:7569
LH:0
end_of_record
